\BOOKMARK [0][-]{section*.4}{摘 要}{}% 1
\BOOKMARK [0][-]{section*.5}{ABSTRACT}{}% 2
\BOOKMARK [0][-]{chapter.1}{绪论}{}% 3
\BOOKMARK [1][-]{section.1.1}{研究背景与意义}{chapter.1}% 4
\BOOKMARK [1][-]{section.1.2}{源代码软件漏洞挖掘研究现状}{chapter.1}% 5
\BOOKMARK [2][-]{subsection.1.2.1}{软件漏洞挖掘方法分类}{section.1.2}% 6
\BOOKMARK [2][-]{subsection.1.2.2}{源代码软件静态挖掘技术}{section.1.2}% 7
\BOOKMARK [2][-]{subsection.1.2.3}{源代码软件动态挖掘技术}{section.1.2}% 8
\BOOKMARK [1][-]{section.1.3}{源代码软件漏洞挖掘的关键问题}{chapter.1}% 9
\BOOKMARK [1][-]{section.1.4}{论文的研究思路与主要研究内容}{chapter.1}% 10
\BOOKMARK [1][-]{section.1.5}{论文的组织结构}{chapter.1}% 11
\BOOKMARK [0][-]{chapter.2}{源代码软件漏洞基础知识}{}% 12
\BOOKMARK [1][-]{section.2.1}{源代码中间表示形式}{chapter.2}% 13
\BOOKMARK [2][-]{subsection.2.1.1}{语法分析树}{section.2.1}% 14
\BOOKMARK [2][-]{subsection.2.1.2}{抽象语法树}{section.2.1}% 15
\BOOKMARK [2][-]{subsection.2.1.3}{控制流图}{section.2.1}% 16
\BOOKMARK [2][-]{subsection.2.1.4}{数据流图}{section.2.1}% 17
\BOOKMARK [1][-]{section.2.2}{源代码漏洞分类}{chapter.2}% 18
\BOOKMARK [2][-]{subsection.2.2.1}{基于抽象语法树的源代码漏洞}{section.2.2}% 19
\BOOKMARK [2][-]{subsection.2.2.2}{基于控制流的源代码漏洞}{section.2.2}% 20
\BOOKMARK [2][-]{subsection.2.2.3}{基于污染传播的源代码漏洞}{section.2.2}% 21
\BOOKMARK [1][-]{section.2.3}{静态程序分析理论基础}{chapter.2}% 22
\BOOKMARK [2][-]{subsection.2.3.1}{程序可达状态空间语义}{section.2.3}% 23
\BOOKMARK [2][-]{subsection.2.3.2}{程序不动点语义}{section.2.3}% 24
\BOOKMARK [1][-]{section.2.4}{动态符号执行}{chapter.2}% 25
\BOOKMARK [1][-]{section.2.5}{本章小结}{chapter.2}% 26
\BOOKMARK [0][-]{chapter.3}{基于程序性质图的源代码软件漏洞挖掘方法研究}{}% 27
\BOOKMARK [1][-]{section.3.1}{程序性质图生成}{chapter.3}% 28
\BOOKMARK [2][-]{subsection.3.1.1}{鲁棒的源代码中间表示生成}{section.3.1}% 29
\BOOKMARK [2][-]{subsection.3.1.2}{程序性质图}{section.3.1}% 30
\BOOKMARK [2][-]{subsection.3.1.3}{程序性质图的基本遍历方式}{section.3.1}% 31
\BOOKMARK [1][-]{section.3.2}{基于程序性质图的源代码漏洞挖掘方法研究}{chapter.3}% 32
\BOOKMARK [2][-]{subsection.3.2.1}{缓冲区溢出漏洞挖掘方法}{section.3.2}% 33
\BOOKMARK [2][-]{subsection.3.2.2}{格式化字符串漏洞挖掘方法}{section.3.2}% 34
\BOOKMARK [2][-]{subsection.3.2.3}{Use After Free漏洞挖掘方法}{section.3.2}% 35
\BOOKMARK [2][-]{subsection.3.2.4}{实验结果与分析}{section.3.2}% 36
\BOOKMARK [1][-]{section.3.3}{基于机器学习的缓冲区溢出漏洞挖掘方法研究}{chapter.3}% 37
\BOOKMARK [2][-]{subsection.3.3.1}{基本框架}{section.3.3}% 38
\BOOKMARK [2][-]{subsection.3.3.2}{程序静态属性与映射规则}{section.3.3}% 39
\BOOKMARK [2][-]{subsection.3.3.3}{扩展的程序性质图}{section.3.3}% 40
\BOOKMARK [2][-]{subsection.3.3.4}{实验结果与分析}{section.3.3}% 41
\BOOKMARK [1][-]{section.3.4}{本章小结}{chapter.3}% 42
\BOOKMARK [0][-]{chapter.4}{结合静态程序分析的高效符号执行技术研究}{}% 43
\BOOKMARK [1][-]{section.4.1}{问题描述}{chapter.4}% 44
\BOOKMARK [1][-]{section.4.2}{技术方案设计}{chapter.4}% 45
\BOOKMARK [1][-]{section.4.3}{基于抽象解释的静态程序分析技术研究}{chapter.4}% 46
\BOOKMARK [2][-]{subsection.4.3.1}{抽象解释理论框架}{section.4.3}% 47
\BOOKMARK [2][-]{subsection.4.3.2}{基于抽象解释的静态程序分析}{section.4.3}% 48
\BOOKMARK [1][-]{section.4.4}{结合静态程序分析的高效符号执行算法}{chapter.4}% 49
\BOOKMARK [2][-]{subsection.4.4.1}{核心技术思想}{section.4.4}% 50
\BOOKMARK [2][-]{subsection.4.4.2}{高效符号执行算法}{section.4.4}% 51
\BOOKMARK [1][-]{section.4.5}{实验结果与分析}{chapter.4}% 52
\BOOKMARK [2][-]{subsection.4.5.1}{实验设计}{section.4.5}% 53
\BOOKMARK [2][-]{subsection.4.5.2}{结果分析}{section.4.5}% 54
\BOOKMARK [1][-]{section.4.6}{本章小结}{chapter.4}% 55
\BOOKMARK [0][-]{chapter.5}{基于细粒度变异的导向模糊测试技术研究}{}% 56
\BOOKMARK [1][-]{section.5.1}{反馈式模糊测试技术介绍}{chapter.5}% 57
\BOOKMARK [1][-]{section.5.2}{基本框架设计}{chapter.5}% 58
\BOOKMARK [1][-]{section.5.3}{基于LSTM的关键字段获取与权重计算}{chapter.5}% 59
\BOOKMARK [2][-]{subsection.5.3.1}{距离测度}{section.5.3}% 60
\BOOKMARK [2][-]{subsection.5.3.2}{距离的获取方式}{section.5.3}% 61
\BOOKMARK [2][-]{subsection.5.3.3}{训练过程}{section.5.3}% 62
\BOOKMARK [1][-]{section.5.4}{动态测试}{chapter.5}% 63
\BOOKMARK [2][-]{subsection.5.4.1}{细粒度变异的测试用例生成过程}{section.5.4}% 64
\BOOKMARK [2][-]{subsection.5.4.2}{细粒度变异能量分配策略}{section.5.4}% 65
\BOOKMARK [1][-]{section.5.5}{实验结果与分析}{chapter.5}% 66
\BOOKMARK [2][-]{subsection.5.5.1}{实验设计}{section.5.5}% 67
\BOOKMARK [2][-]{subsection.5.5.2}{结果分析}{section.5.5}% 68
\BOOKMARK [1][-]{section.5.6}{本章小节}{chapter.5}% 69
\BOOKMARK [0][-]{chapter.6}{总结与展望}{}% 70
\BOOKMARK [1][-]{section.6.1}{论文主要工作总结}{chapter.6}% 71
\BOOKMARK [1][-]{section.6.2}{下一步工作展望}{chapter.6}% 72
\BOOKMARK [0][-]{chapter*.69}{致谢}{}% 73
\BOOKMARK [0][-]{section*.70}{参考文献}{}% 74
\BOOKMARK [0][-]{chapter*.72}{作者在学期间取得的学术成果}{}% 75
