This is XeTeX, Version 3.1415926-2.5-0.9999.3 (TeX Live 2013/Debian) (format=xelatex 2017.8.8)  8 DEC 2017 00:42
entering extended mode
 restricted \write18 enabled.
 %&-line parsing enabled.
**chap02.tex
(./chap02.tex
LaTeX2e <2011/06/27>
Babel <3.9h> and hyphenation patterns for 78 languages loaded.
! Undefined control sequence.
l.1 \chapter
            {æºä»£ç è½¯ä»¶å¸¸è§„æµ‹è¯•æ–¹æ³•}
The control sequence at the end of the top line
of your error message was never \def'ed. If you have
misspelled it (e.g., `\hobx'), type `I' and the correct
spelling (e.g., `I\hbox'). Otherwise just continue,
and I'll forget about whatever was undefined.


! LaTeX Error: Missing \begin{document}.

See the LaTeX manual or LaTeX Companion for explanation.
Type  H <return>  for immediate help.
 ...                                              
                                                  
l.1 \chapter{æº
                ä»£ç è½¯ä»¶å¸¸è§„æµ‹è¯•æ–¹æ³•}
You're in trouble here.  Try typing  <return>  to proceed.
If that doesn't work, type  X <return>  to quit.

Missing character: There is no æº in font nullfont!
Missing character: There is no ä»£ in font nullfont!
Missing character: There is no ç  in font nullfont!
Missing character: There is no è½¯ in font nullfont!
Missing character: There is no ä»¶ in font nullfont!
Missing character: There is no å¸¸ in font nullfont!
Missing character: There is no è§„ in font nullfont!
Missing character: There is no æµ‹ in font nullfont!
Missing character: There is no è¯• in font nullfont!
Missing character: There is no æ–¹ in font nullfont!
Missing character: There is no æ³• in font nullfont!

Overfull \hbox (20.0pt too wide) in paragraph at lines 1--2
[] 
 []


! LaTeX Error: Missing \begin{document}.

See the LaTeX manual or LaTeX Companion for explanation.
Type  H <return>  for immediate help.
 ...                                              
                                                  
l.3 å¸¸
       è§„è½¯ä»¶æµ‹è¯•æ–¹æ³•ç”¨äºåˆ†ææºä»£ç è½¯ä»¶æ—¶å°šæœ‰è¯¸å¤šé—®é¢˜...

You're in trouble here.  Try typing  <return>  to proceed.
If that doesn't work, type  X <return>  to quit.

Missing character: There is no å¸¸ in font nullfont!
Missing character: There is no è§„ in font nullfont!
Missing character: There is no è½¯ in font nullfont!
Missing character: There is no ä»¶ in font nullfont!
Missing character: There is no æµ‹ in font nullfont!
Missing character: There is no è¯• in font nullfont!
Missing character: There is no æ–¹ in font nullfont!
Missing character: There is no æ³• in font nullfont!
Missing character: There is no ç”¨ in font nullfont!
Missing character: There is no äº in font nullfont!
Missing character: There is no åˆ† in font nullfont!
Missing character: There is no æ in font nullfont!
Missing character: There is no æº in font nullfont!
Missing character: There is no ä»£ in font nullfont!
Missing character: There is no ç  in font nullfont!
Missing character: There is no è½¯ in font nullfont!
Missing character: There is no ä»¶ in font nullfont!
Missing character: There is no æ—¶ in font nullfont!
Missing character: There is no å°š in font nullfont!
Missing character: There is no æœ‰ in font nullfont!
Missing character: There is no è¯¸ in font nullfont!
Missing character: There is no å¤š in font nullfont!
Missing character: There is no é—® in font nullfont!
Missing character: There is no é¢˜ in font nullfont!
Missing character: There is no éœ€ in font nullfont!
Missing character: There is no è¦ in font nullfont!
Missing character: There is no æ¢ in font nullfont!
Missing character: There is no è®¨ in font nullfont!
Missing character: There is no ã€‚ in font nullfont!
Missing character: There is no æ¼ in font nullfont!
Missing character: There is no æ´ in font nullfont!
Missing character: There is no æŒ– in font nullfont!
Missing character: There is no æ˜ in font nullfont!
Missing character: There is no çš„ in font nullfont!
Missing character: There is no åŸº in font nullfont!
Missing character: There is no æœ¬ in font nullfont!
Missing character: There is no ç† in font nullfont!
Missing character: There is no è®º in font nullfont!
Missing character: There is no æ–¹ in font nullfont!
Missing character: There is no æ³• in font nullfont!
Missing character: There is no éƒ½ in font nullfont!
Missing character: There is no æº in font nullfont!
Missing character: There is no äº in font nullfont!
Missing character: There is no ç¨‹ in font nullfont!
Missing character: There is no åº in font nullfont!
Missing character: There is no åˆ† in font nullfont!
Missing character: There is no æ in font nullfont!
Missing character: There is no ä¸ in font nullfont!
Missing character: There is no éªŒ in font nullfont!
Missing character: There is no è¯ in font nullfont!
Missing character: There is no é¢† in font nullfont!
Missing character: There is no åŸŸ in font nullfont!
Missing character: There is no ï¼Œ in font nullfont!
Missing character: There is no å°½ in font nullfont!
Missing character: There is no ç®¡ in font nullfont!
Missing character: There is no å¾ˆ in font nullfont!
Missing character: There is no å¤š in font nullfont!
Missing character: There is no åˆ† in font nullfont!
Missing character: There is no æ in font nullfont!
Missing character: There is no æ–¹ in font nullfont!
Missing character: There is no æ³• in font nullfont!
Missing character: There is no éƒ½ in font nullfont!
Missing character: There is no å¾— in font nullfont!
Missing character: There is no åˆ° in font nullfont!
Missing character: There is no äº† in font nullfont!
Missing character: There is no æ·± in font nullfont!
Missing character: There is no å…¥ in font nullfont!
Missing character: There is no çš„ in font nullfont!
Missing character: There is no ç ” in font nullfont!
Missing character: There is no ç©¶ in font nullfont!
Missing character: There is no ï¼Œ in font nullfont!
Missing character: There is no ä½† in font nullfont!
Missing character: There is no è¿™ in font nullfont!
Missing character: There is no äº› in font nullfont!
Missing character: There is no æ–¹ in font nullfont!
Missing character: There is no æ³• in font nullfont!
Missing character: There is no é€š in font nullfont!
Missing character: There is no å¸¸ in font nullfont!
Missing character: There is no å• in font nullfont!
Missing character: There is no ç‹¬ in font nullfont!
Missing character: There is no æˆ– in font nullfont!
Missing character: There is no ç®€ in font nullfont!
Missing character: There is no å• in font nullfont!
Missing character: There is no ç»„ in font nullfont!
Missing character: There is no åˆ in font nullfont!
Missing character: There is no å in font nullfont!
Missing character: There is no è¢« in font nullfont!
Missing character: There is no ç”¨ in font nullfont!
Missing character: There is no äº in font nullfont!
Missing character: There is no æŒ– in font nullfont!
Missing character: There is no æ˜ in font nullfont!
Missing character: There is no æº in font nullfont!
Missing character: There is no ä»£ in font nullfont!
Missing character: There is no ç  in font nullfont!
Missing character: There is no è½¯ in font nullfont!
Missing character: There is no ä»¶ in font nullfont!
Missing character: There is no ä¸­ in font nullfont!
Missing character: There is no çš„ in font nullfont!
Missing character: There is no æ¼ in font nullfont!
Missing character: There is no æ´ in font nullfont!
Missing character: There is no ï¼Œ in font nullfont!
Missing character: There is no æ–¹ in font nullfont!
Missing character: There is no æ³• in font nullfont!
Missing character: There is no ç³» in font nullfont!
Missing character: There is no ç»Ÿ in font nullfont!
Missing character: There is no æ€§ in font nullfont!
Missing character: There is no çš„ in font nullfont!
Missing character: There is no ç»„ in font nullfont!
Missing character: There is no åˆ in font nullfont!
Missing character: There is no åº” in font nullfont!
Missing character: There is no ç”¨ in font nullfont!
Missing character: There is no å°š in font nullfont!
Missing character: There is no éœ€ in font nullfont!
Missing character: There is no è¦ in font nullfont!
Missing character: There is no è¿› in font nullfont!
Missing character: There is no ä¸€ in font nullfont!
Missing character: There is no æ­¥ in font nullfont!
Missing character: There is no æ‘¸ in font nullfont!
Missing character: There is no ç´¢ in font nullfont!
Missing character: There is no ã€‚ in font nullfont!
Missing character: There is no å›  in font nullfont!
Missing character: There is no æ­¤ in font nullfont!
Missing character: There is no ï¼Œ in font nullfont!
Missing character: There is no éœ€ in font nullfont!
Missing character: There is no è¦ in font nullfont!
Missing character: There is no å…ˆ in font nullfont!
Missing character: There is no ç† in font nullfont!
Missing character: There is no æ¸… in font nullfont!
Missing character: There is no ä¸ in font nullfont!
Missing character: There is no åŒ in font nullfont!
Missing character: There is no åˆ† in font nullfont!
Missing character: There is no æ in font nullfont!
Missing character: There is no æ–¹ in font nullfont!
Missing character: There is no æ³• in font nullfont!
Missing character: There is no çš„ in font nullfont!
Missing character: There is no ç‰¹ in font nullfont!
Missing character: There is no ç‚¹ in font nullfont!
Missing character: There is no ï¼Œ in font nullfont!
Missing character: There is no æ‰¾ in font nullfont!
Missing character: There is no å‡† in font nullfont!
Missing character: There is no å…¶ in font nullfont!
Missing character: There is no åœ¨ in font nullfont!
Missing character: There is no ç³» in font nullfont!
Missing character: There is no ç»Ÿ in font nullfont!
Missing character: There is no æ€§ in font nullfont!
Missing character: There is no æ¼ in font nullfont!
Missing character: There is no æ´ in font nullfont!
Missing character: There is no æŒ– in font nullfont!
Missing character: There is no æ˜ in font nullfont!
Missing character: There is no ä¸­ in font nullfont!
Missing character: There is no çš„ in font nullfont!
Missing character: There is no ä½ in font nullfont!
Missing character: There is no ç½® in font nullfont!
Missing character: There is no ï¼Œ in font nullfont!
Missing character: There is no ä¸º in font nullfont!
Missing character: There is no å in font nullfont!
Missing character: There is no ç»­ in font nullfont!
Missing character: There is no å„ in font nullfont!
Missing character: There is no ç«  in font nullfont!
Missing character: There is no åš in font nullfont!
Missing character: There is no é“º in font nullfont!
Missing character: There is no å« in font nullfont!
Missing character: There is no ã€‚ in font nullfont!

Overfull \hbox (20.0pt too wide) in paragraph at lines 3--4
[] 
 []


! LaTeX Error: Missing \begin{document}.

See the LaTeX manual or LaTeX Companion for explanation.
Type  H <return>  for immediate help.
 ...                                              
                                                  
l.5 æœ¬
       ç« ä¸»è¦åˆ†ææºä»£ç è½¯ä»¶æµ‹è¯•çš„åŸºç¡€ç†è®ºä¸æ–¹æ³•ï¼Œæ¢è®¨...

You're in trouble here.  Try typing  <return>  to proceed.
If that doesn't work, type  X <return>  to quit.

Missing character: There is no æœ¬ in font nullfont!
Missing character: There is no ç«  in font nullfont!
Missing character: There is no ä¸» in font nullfont!
Missing character: There is no è¦ in font nullfont!
Missing character: There is no åˆ† in font nullfont!
Missing character: There is no æ in font nullfont!
Missing character: There is no æº in font nullfont!
Missing character: There is no ä»£ in font nullfont!
Missing character: There is no ç  in font nullfont!
Missing character: There is no è½¯ in font nullfont!
Missing character: There is no ä»¶ in font nullfont!
Missing character: There is no æµ‹ in font nullfont!
Missing character: There is no è¯• in font nullfont!
Missing character: There is no çš„ in font nullfont!
Missing character: There is no åŸº in font nullfont!
Missing character: There is no ç¡€ in font nullfont!
Missing character: There is no ç† in font nullfont!
Missing character: There is no è®º in font nullfont!
Missing character: There is no ä¸ in font nullfont!
Missing character: There is no æ–¹ in font nullfont!
Missing character: There is no æ³• in font nullfont!
Missing character: There is no ï¼Œ in font nullfont!
Missing character: There is no æ¢ in font nullfont!
Missing character: There is no è®¨ in font nullfont!
Missing character: There is no äº† in font nullfont!
Missing character: There is no å…¸ in font nullfont!
Missing character: There is no å‹ in font nullfont!
Missing character: There is no çš„ in font nullfont!
Missing character: There is no é™ in font nullfont!
Missing character: There is no æ€ in font nullfont!
Missing character: There is no ç¨‹ in font nullfont!
Missing character: There is no åº in font nullfont!
Missing character: There is no åˆ† in font nullfont!
Missing character: There is no æ in font nullfont!
Missing character: There is no ã€ in font nullfont!
Missing character: There is no æ±¡ in font nullfont!
Missing character: There is no ç‚¹ in font nullfont!
Missing character: There is no åˆ† in font nullfont!
Missing character: There is no æ in font nullfont!
Missing character: There is no ã€ in font nullfont!
Missing character: There is no ç¬¦ in font nullfont!
Missing character: There is no å· in font nullfont!
Missing character: There is no æ‰§ in font nullfont!
Missing character: There is no è¡Œ in font nullfont!
Missing character: There is no å’Œ in font nullfont!
Missing character: There is no æ¨¡ in font nullfont!
Missing character: There is no ç³Š in font nullfont!
Missing character: There is no æµ‹ in font nullfont!
Missing character: There is no è¯• in font nullfont!
Missing character: There is no ç­‰ in font nullfont!
Missing character: There is no æ–¹ in font nullfont!
Missing character: There is no æ³• in font nullfont!
Missing character: There is no çš„ in font nullfont!
Missing character: There is no åŸº in font nullfont!
Missing character: There is no æœ¬ in font nullfont!
Missing character: There is no åŸ in font nullfont!
Missing character: There is no ç† in font nullfont!
Missing character: There is no åŠ in font nullfont!
Missing character: There is no å…¶ in font nullfont!
Missing character: There is no åœ¨ in font nullfont!
Missing character: There is no æ¼ in font nullfont!
Missing character: There is no æ´ in font nullfont!
Missing character: There is no æŒ– in font nullfont!
Missing character: There is no æ˜ in font nullfont!
Missing character: There is no æ–¹ in font nullfont!
Missing character: There is no é¢ in font nullfont!
Missing character: There is no çš„ in font nullfont!
Missing character: There is no åº” in font nullfont!
Missing character: There is no ç”¨ in font nullfont!
Missing character: There is no ã€‚ in font nullfont!

Overfull \hbox (20.0pt too wide) in paragraph at lines 5--6
[] 
 []

! Undefined control sequence.
l.7 \section
            {é™æ€ç¨‹åºåˆ†ææ–¹æ³•}
The control sequence at the end of the top line
of your error message was never \def'ed. If you have
misspelled it (e.g., `\hobx'), type `I' and the correct
spelling (e.g., `I\hbox'). Otherwise just continue,
and I'll forget about whatever was undefined.


! LaTeX Error: Missing \begin{document}.

See the LaTeX manual or LaTeX Companion for explanation.
Type  H <return>  for immediate help.
 ...                                              
                                                  
l.7 \section{é™
                æ€ç¨‹åºåˆ†ææ–¹æ³•}
You're in trouble here.  Try typing  <return>  to proceed.
If that doesn't work, type  X <return>  to quit.

Missing character: There is no é™ in font nullfont!
Missing character: There is no æ€ in font nullfont!
Missing character: There is no ç¨‹ in font nullfont!
Missing character: There is no åº in font nullfont!
Missing character: There is no åˆ† in font nullfont!
Missing character: There is no æ in font nullfont!
Missing character: There is no æ–¹ in font nullfont!
Missing character: There is no æ³• in font nullfont!

Overfull \hbox (20.0pt too wide) in paragraph at lines 7--8
[] 
 []


! LaTeX Error: Missing \begin{document}.

See the LaTeX manual or LaTeX Companion for explanation.
Type  H <return>  for immediate help.
 ...                                              
                                                  
l.9 é™
       æ€ç¨‹åºåˆ†ææ˜¯ä¸€ç§è‡ªåŠ¨æ¨å¯¼ç¨‹åºè¿è¡Œè¡Œä¸ºçš„æ–¹æ³•ï¼Œèµ·...

You're in trouble here.  Try typing  <return>  to proceed.
If that doesn't work, type  X <return>  to quit.

Missing character: There is no é™ in font nullfont!
Missing character: There is no æ€ in font nullfont!
Missing character: There is no ç¨‹ in font nullfont!
Missing character: There is no åº in font nullfont!
Missing character: There is no åˆ† in font nullfont!
Missing character: There is no æ in font nullfont!
Missing character: There is no æ˜¯ in font nullfont!
Missing character: There is no ä¸€ in font nullfont!
Missing character: There is no ç§ in font nullfont!
Missing character: There is no è‡ª in font nullfont!
Missing character: There is no åŠ¨ in font nullfont!
Missing character: There is no æ¨ in font nullfont!
Missing character: There is no å¯¼ in font nullfont!
Missing character: There is no ç¨‹ in font nullfont!
Missing character: There is no åº in font nullfont!
Missing character: There is no è¿ in font nullfont!
Missing character: There is no è¡Œ in font nullfont!
Missing character: There is no è¡Œ in font nullfont!
Missing character: There is no ä¸º in font nullfont!
Missing character: There is no çš„ in font nullfont!
Missing character: There is no æ–¹ in font nullfont!
Missing character: There is no æ³• in font nullfont!
Missing character: There is no ï¼Œ in font nullfont!
Missing character: There is no èµ· in font nullfont!
Missing character: There is no æº in font nullfont!
Missing character: There is no äº in font nullfont!
Missing character: There is no æ—© in font nullfont!
Missing character: There is no æœŸ in font nullfont!
Missing character: There is no é«˜ in font nullfont!
Missing character: There is no çº§ in font nullfont!
Missing character: There is no è¯­ in font nullfont!
Missing character: There is no è¨€ in font nullfont!
Missing character: There is no çš„ in font nullfont!
Missing character: There is no ç¼– in font nullfont!
Missing character: There is no è¯‘ in font nullfont!
Missing character: There is no ä¼˜ in font nullfont!
Missing character: There is no åŒ– in font nullfont!
Missing character: There is no éœ€ in font nullfont!
Missing character: There is no æ±‚ in font nullfont!
Missing character: There is no ï¼Œ in font nullfont!
Missing character: There is no ç®€ in font nullfont!
Missing character: There is no ç§° in font nullfont!
Missing character: There is no ä¸º in font nullfont!
Missing character: There is no ç¨‹ in font nullfont!
Missing character: There is no åº in font nullfont!
Missing character: There is no åˆ† in font nullfont!
Missing character: There is no æ in font nullfont!
Missing character: There is no ã€‚ in font nullfont!
Missing character: There is no åœ¨ in font nullfont!
Missing character: There is no é«˜ in font nullfont!
Missing character: There is no çº§ in font nullfont!
Missing character: There is no è¯­ in font nullfont!
Missing character: There is no è¨€ in font nullfont!
Missing character: There is no åˆš in font nullfont!
Missing character: There is no è¢« in font nullfont!
Missing character: There is no å¼• in font nullfont!
Missing character: There is no å…¥ in font nullfont!
Missing character: There is no æ—¶ in font nullfont!
Missing character: There is no ï¼Œ in font nullfont!
Missing character: There is no ç”± in font nullfont!
Missing character: There is no äº in font nullfont!
Missing character: There is no ç¼– in font nullfont!
Missing character: There is no è¯‘ in font nullfont!
Missing character: There is no å™¨ in font nullfont!
Missing character: There is no æ—  in font nullfont!
Missing character: There is no æ³• in font nullfont!
Missing character: There is no ç”Ÿ in font nullfont!
Missing character: There is no æˆ in font nullfont!
Missing character: There is no é«˜ in font nullfont!
Missing character: There is no æ•ˆ in font nullfont!
Missing character: There is no ä»£ in font nullfont!
Missing character: There is no ç  in font nullfont!
Missing character: There is no ï¼Œ in font nullfont!
Missing character: There is no é«˜ in font nullfont!
Missing character: There is no çº§ in font nullfont!
Missing character: There is no è¯­ in font nullfont!
Missing character: There is no è¨€ in font nullfont!
Missing character: There is no ç¼– in font nullfont!
Missing character: There is no ç¨‹ in font nullfont!
Missing character: There is no çš„ in font nullfont!
Missing character: There is no æƒ³ in font nullfont!
Missing character: There is no æ³• in font nullfont!
Missing character: There is no æ›¾ in font nullfont!
Missing character: There is no ç» in font nullfont!
Missing character: There is no å— in font nullfont!
Missing character: There is no åˆ° in font nullfont!
Missing character: There is no å¹¿ in font nullfont!
Missing character: There is no æ³› in font nullfont!
Missing character: There is no çš„ in font nullfont!
Missing character: There is no è´¨ in font nullfont!
Missing character: There is no ç–‘ in font nullfont!
Missing character: There is no ï¼Œ in font nullfont!
Missing character: There is no ç„¶ in font nullfont!
Missing character: There is no è€Œ in font nullfont!
Missing character: There is no éš in font nullfont!
Missing character: There is no ç€ in font nullfont!
Missing character: There is no ç¼– in font nullfont!
Missing character: There is no è¯‘ in font nullfont!
Missing character: There is no ä¼˜ in font nullfont!
Missing character: There is no åŒ– in font nullfont!
Missing character: There is no æŠ€ in font nullfont!
Missing character: There is no æœ¯ in font nullfont!
Missing character: There is no çš„ in font nullfont!
Missing character: There is no å‘ in font nullfont!
Missing character: There is no å±• in font nullfont!
Missing character: There is no ï¼Œ in font nullfont!
Missing character: There is no é«˜ in font nullfont!
Missing character: There is no çº§ in font nullfont!
Missing character: There is no è¯­ in font nullfont!
Missing character: There is no è¨€ in font nullfont!
Missing character: There is no é€ in font nullfont!
Missing character: There is no æ¸ in font nullfont!
Missing character: There is no åœ¨ in font nullfont!
Missing character: There is no ç» in font nullfont!
Missing character: There is no å¤§ in font nullfont!
Missing character: There is no å¤š in font nullfont!
Missing character: There is no æ•° in font nullfont!
Missing character: There is no åº” in font nullfont!
Missing character: There is no ç”¨ in font nullfont!
Missing character: There is no é¢† in font nullfont!
Missing character: There is no åŸŸ in font nullfont!
Missing character: There is no å– in font nullfont!
Missing character: There is no ä»£ in font nullfont!
Missing character: There is no æ±‡ in font nullfont!
Missing character: There is no ç¼– in font nullfont!
Missing character: There is no è¯­ in font nullfont!
Missing character: There is no è¨€ in font nullfont!
Missing character: There is no ã€‚ in font nullfont!
Missing character: There is no ç¼– in font nullfont!
Missing character: There is no è¯‘ in font nullfont!
Missing character: There is no ä¼˜ in font nullfont!
Missing character: There is no åŒ– in font nullfont!
Missing character: There is no åª in font nullfont!
Missing character: There is no æ˜¯ in font nullfont!
Missing character: There is no ç¨‹ in font nullfont!
Missing character: There is no åº in font nullfont!
Missing character: There is no åˆ† in font nullfont!
Missing character: There is no æ in font nullfont!
Missing character: There is no çš„ in font nullfont!
Missing character: There is no ä¸€ in font nullfont!
Missing character: There is no ç§ in font nullfont!
Missing character: There is no é‡ in font nullfont!
Missing character: There is no è¦ in font nullfont!
Missing character: There is no åº” in font nullfont!
Missing character: There is no ç”¨ in font nullfont!
Missing character: There is no ï¼Œ in font nullfont!
Missing character: There is no ç¨‹ in font nullfont!
Missing character: There is no åº in font nullfont!
Missing character: There is no åˆ† in font nullfont!
Missing character: There is no æ in font nullfont!
Missing character: There is no çš„ in font nullfont!
Missing character: There is no åŸº in font nullfont!
Missing character: There is no æœ¬ in font nullfont!
Missing character: There is no æ€ in font nullfont!
Missing character: There is no æƒ³ in font nullfont!
Missing character: There is no å·² in font nullfont!
Missing character: There is no åº” in font nullfont!
Missing character: There is no ç”¨ in font nullfont!
Missing character: There is no äº in font nullfont!
Missing character: There is no è½¯ in font nullfont!
Missing character: There is no ä»¶ in font nullfont!
Missing character: There is no å·¥ in font nullfont!
Missing character: There is no ç¨‹ in font nullfont!
Missing character: There is no ã€ in font nullfont!
Missing character: There is no ç¨‹ in font nullfont!
Missing character: There is no åº in font nullfont!
Missing character: There is no å®‰ in font nullfont!
Missing character: There is no å…¨ in font nullfont!
Missing character: There is no åˆ† in font nullfont!
Missing character: There is no æ in font nullfont!
Missing character: There is no ç­‰ in font nullfont!
Missing character: There is no é¢† in font nullfont!
Missing character: There is no åŸŸ in font nullfont!
Missing character: There is no ã€‚ in font nullfont!
Missing character: There is no æ¯” in font nullfont!
Missing character: There is no å¦‚ in font nullfont!
Missing character: There is no ï¼Œ in font nullfont!
Missing character: There is no ç¼“ in font nullfont!
Missing character: There is no å†² in font nullfont!
Missing character: There is no åŒº in font nullfont!
Missing character: There is no æº¢ in font nullfont!
Missing character: There is no å‡º in font nullfont!
Missing character: There is no æ£€ in font nullfont!
Missing character: There is no æµ‹ in font nullfont!
Missing character: There is no ã€ in font nullfont!
Missing character: There is no æœª in font nullfont!
Missing character: There is no åˆ in font nullfont!
Missing character: There is no å§‹ in font nullfont!
Missing character: There is no åŒ– in font nullfont!
Missing character: There is no å˜ in font nullfont!
Missing character: There is no é‡ in font nullfont!
Missing character: There is no æ£€ in font nullfont!
Missing character: There is no æµ‹ in font nullfont!
Missing character: There is no ã€ in font nullfont!
Missing character: There is no å˜ in font nullfont!
Missing character: There is no é‡ in font nullfont!
Missing character: There is no é‡Š in font nullfont!
Missing character: There is no æ”¾ in font nullfont!
Missing character: There is no å in font nullfont!
Missing character: There is no é‡ in font nullfont!
Missing character: There is no ç”¨ in font nullfont!
Missing character: There is no æ£€ in font nullfont!
Missing character: There is no æµ‹ in font nullfont!
Missing character: There is no ç­‰ in font nullfont!
Missing character: There is no å…¸ in font nullfont!
Missing character: There is no å‹ in font nullfont!
Missing character: There is no çš„ in font nullfont!
Missing character: There is no å®‰ in font nullfont!
Missing character: There is no å…¨ in font nullfont!
Missing character: There is no åˆ† in font nullfont!
Missing character: There is no æ in font nullfont!
Missing character: There is no åº” in font nullfont!
Missing character: There is no ç”¨ in font nullfont!
Missing character: There is no åœº in font nullfont!
Missing character: There is no æ™¯ in font nullfont!
Missing character: There is no ã€‚ in font nullfont!
! Undefined control sequence.
l.12 \subsection
                {æ§åˆ¶æµåˆ†æ}
The control sequence at the end of the top line
of your error message was never \def'ed. If you have
misspelled it (e.g., `\hobx'), type `I' and the correct
spelling (e.g., `I\hbox'). Otherwise just continue,
and I'll forget about whatever was undefined.

Missing character: There is no æ§ in font nullfont!
Missing character: There is no åˆ¶ in font nullfont!
Missing character: There is no æµ in font nullfont!
Missing character: There is no åˆ† in font nullfont!
Missing character: There is no æ in font nullfont!
Missing character: There is no ä¼  in font nullfont!
Missing character: There is no ç»Ÿ in font nullfont!
Missing character: There is no çš„ in font nullfont!
Missing character: There is no æ§ in font nullfont!
Missing character: There is no åˆ¶ in font nullfont!
Missing character: There is no æµ in font nullfont!
Missing character: There is no åˆ† in font nullfont!
Missing character: There is no æ in font nullfont!
Missing character: There is no ä¸» in font nullfont!
Missing character: There is no è¦ in font nullfont!
Missing character: There is no ç”¨ in font nullfont!
Missing character: There is no äº in font nullfont!
Missing character: There is no æ”¶ in font nullfont!
Missing character: There is no é›† in font nullfont!
Missing character: There is no ç¨‹ in font nullfont!
Missing character: There is no åº in font nullfont!
Missing character: There is no å¯ in font nullfont!
Missing character: There is no èƒ½ in font nullfont!
Missing character: There is no çš„ in font nullfont!
Missing character: There is no æ‰§ in font nullfont!
Missing character: There is no è¡Œ in font nullfont!
Missing character: There is no è·¯ in font nullfont!
Missing character: There is no å¾„ in font nullfont!
Missing character: There is no ï¼Œ in font nullfont!
Missing character: There is no æ in font nullfont!
Missing character: There is no å– in font nullfont!
Missing character: There is no å¾ª in font nullfont!
Missing character: There is no ç¯ in font nullfont!
Missing character: There is no ã€ in font nullfont!
Missing character: There is no åˆ† in font nullfont!
Missing character: There is no æ”¯ in font nullfont!
Missing character: There is no ç­‰ in font nullfont!
Missing character: There is no æ§ in font nullfont!
Missing character: There is no åˆ¶ in font nullfont!
Missing character: There is no ç»“ in font nullfont!
Missing character: There is no æ„ in font nullfont!
Missing character: There is no ï¼Œ in font nullfont!
Missing character: There is no å¹¶ in font nullfont!
Missing character: There is no åœ¨ in font nullfont!
Missing character: There is no æ­¤ in font nullfont!
Missing character: There is no åŸº in font nullfont!
Missing character: There is no ç¡€ in font nullfont!
Missing character: There is no ä¸Š in font nullfont!
Missing character: There is no åš in font nullfont!
Missing character: There is no ç›¸ in font nullfont!
Missing character: There is no å…³ in font nullfont!
Missing character: There is no çš„ in font nullfont!
Missing character: There is no ä¼˜ in font nullfont!
Missing character: There is no åŒ– in font nullfont!
Missing character: There is no åˆ† in font nullfont!
Missing character: There is no æ in font nullfont!
Missing character: There is no ã€‚ in font nullfont!
Missing character: There is no é€š in font nullfont!
Missing character: There is no è¿‡ in font nullfont!
Missing character: There is no å¹¿ in font nullfont!
Missing character: There is no æ³› in font nullfont!
Missing character: There is no åˆ† in font nullfont!
Missing character: There is no æ in font nullfont!
Missing character: There is no ç° in font nullfont!
Missing character: There is no æœ‰ in font nullfont!
Missing character: There is no æ¼ in font nullfont!
Missing character: There is no æ´ in font nullfont!
Missing character: There is no è½¯ in font nullfont!
Missing character: There is no ä»¶ in font nullfont!
Missing character: There is no å‘ in font nullfont!
Missing character: There is no ç° in font nullfont!
Missing character: There is no ï¼Œ in font nullfont!
Missing character: There is no æ§ in font nullfont!
Missing character: There is no åˆ¶ in font nullfont!
Missing character: There is no æµ in font nullfont!
Missing character: There is no ç»“ in font nullfont!
Missing character: There is no æ„ in font nullfont!
Missing character: There is no ä¸ in font nullfont!
Missing character: There is no æ¼ in font nullfont!
Missing character: There is no æ´ in font nullfont!
Missing character: There is no å± in font nullfont!
Missing character: There is no æ€§ in font nullfont!
Missing character: There is no å­˜ in font nullfont!
Missing character: There is no åœ¨ in font nullfont!
Missing character: There is no ä¸€ in font nullfont!
Missing character: There is no å®š in font nullfont!
Missing character: There is no çš„ in font nullfont!
Missing character: There is no å…³ in font nullfont!
Missing character: There is no è” in font nullfont!
Missing character: There is no ï¼Œ in font nullfont!
Missing character: There is no æœ‰ in font nullfont!
Missing character: There is no çš„ in font nullfont!
Missing character: There is no æ¼ in font nullfont!
Missing character: There is no æ´ in font nullfont!
Missing character: There is no ç‰¹ in font nullfont!
Missing character: There is no æ€§ in font nullfont!
Missing character: There is no ç”š in font nullfont!
Missing character: There is no è‡³ in font nullfont!
Missing character: There is no èƒ½ in font nullfont!
Missing character: There is no å¤Ÿ in font nullfont!
Missing character: There is no ç›´ in font nullfont!
Missing character: There is no æ¥ in font nullfont!
Missing character: There is no é€š in font nullfont!
Missing character: There is no è¿‡ in font nullfont!
Missing character: There is no æ§ in font nullfont!
Missing character: There is no åˆ¶ in font nullfont!
Missing character: There is no æµ in font nullfont!
Missing character: There is no å›¾ in font nullfont!
Missing character: There is no ä¸­ in font nullfont!
Missing character: There is no ç›¸ in font nullfont!
Missing character: There is no å…³ in font nullfont!
Missing character: There is no æ¦‚ in font nullfont!
Missing character: There is no å¿µ in font nullfont!
Missing character: There is no è¿› in font nullfont!
Missing character: There is no è¡Œ in font nullfont!
Missing character: There is no æ in font nullfont!
Missing character: There is no è¿° in font nullfont!
Missing character: There is no ï¼Œ in font nullfont!
Missing character: There is no å…· in font nullfont!
Missing character: There is no ä½“ in font nullfont!
Missing character: There is no å·¥ in font nullfont!
Missing character: There is no ä½œ in font nullfont!
Missing character: There is no å°† in font nullfont!
Missing character: There is no åœ¨ in font nullfont!
Missing character: There is no è®º in font nullfont!
Missing character: There is no æ–‡ in font nullfont!
Missing character: There is no å in font nullfont!
Missing character: There is no ç»­ in font nullfont!
Missing character: There is no ç«  in font nullfont!
Missing character: There is no èŠ‚ in font nullfont!
Missing character: There is no é˜ in font nullfont!
Missing character: There is no è¿° in font nullfont!
Missing character: There is no ï¼Œ in font nullfont!
Missing character: There is no æœ¬ in font nullfont!
Missing character: There is no å° in font nullfont!
Missing character: There is no èŠ‚ in font nullfont!
Missing character: There is no åª in font nullfont!
Missing character: There is no ç»™ in font nullfont!
Missing character: There is no å‡º in font nullfont!
Missing character: There is no æ§ in font nullfont!
Missing character: There is no åˆ¶ in font nullfont!
Missing character: There is no æµ in font nullfont!
Missing character: There is no åˆ† in font nullfont!
Missing character: There is no æ in font nullfont!
Missing character: There is no çš„ in font nullfont!
Missing character: There is no ç›¸ in font nullfont!
Missing character: There is no å…³ in font nullfont!
Missing character: There is no æ¦‚ in font nullfont!
Missing character: There is no å¿µ in font nullfont!
Missing character: There is no å’Œ in font nullfont!
Missing character: There is no ç®— in font nullfont!
Missing character: There is no æ³• in font nullfont!
Missing character: There is no ã€‚ in font nullfont!

Overfull \hbox (20.0pt too wide) in paragraph at lines 9--14
[]
 []


! LaTeX Error: Missing \begin{document}.

See the LaTeX manual or LaTeX Companion for explanation.
Type  H <return>  for immediate help.
 ...                                              
                                                  
l.15 æ§
        åˆ¶æµå›¾æ˜¯å…¸å‹çš„æœ‰å‘å›¾ã€‚é€šè¿‡å¯¹å›¾ä¸­èŠ‚ç‚¹ä¹‹é—´çš„å‰é©...

You're in trouble here.  Try typing  <return>  to proceed.
If that doesn't work, type  X <return>  to quit.

Missing character: There is no æ§ in font nullfont!
Missing character: There is no åˆ¶ in font nullfont!
Missing character: There is no æµ in font nullfont!
Missing character: There is no å›¾ in font nullfont!
Missing character: There is no æ˜¯ in font nullfont!
Missing character: There is no å…¸ in font nullfont!
Missing character: There is no å‹ in font nullfont!
Missing character: There is no çš„ in font nullfont!
Missing character: There is no æœ‰ in font nullfont!
Missing character: There is no å‘ in font nullfont!
Missing character: There is no å›¾ in font nullfont!
Missing character: There is no ã€‚ in font nullfont!
Missing character: There is no é€š in font nullfont!
Missing character: There is no è¿‡ in font nullfont!
Missing character: There is no å¯¹ in font nullfont!
Missing character: There is no å›¾ in font nullfont!
Missing character: There is no ä¸­ in font nullfont!
Missing character: There is no èŠ‚ in font nullfont!
Missing character: There is no ç‚¹ in font nullfont!
Missing character: There is no ä¹‹ in font nullfont!
Missing character: There is no é—´ in font nullfont!
Missing character: There is no çš„ in font nullfont!
Missing character: There is no å‰ in font nullfont!
Missing character: There is no é©± in font nullfont!
Missing character: There is no å’Œ in font nullfont!
Missing character: There is no å in font nullfont!
Missing character: There is no ç»§ in font nullfont!
Missing character: There is no å…³ in font nullfont!
Missing character: There is no ç³» in font nullfont!
Missing character: There is no è¿› in font nullfont!
Missing character: There is no è¡Œ in font nullfont!
Missing character: There is no åˆ† in font nullfont!
Missing character: There is no æ in font nullfont!
Missing character: There is no ï¼Œ in font nullfont!
Missing character: There is no å°± in font nullfont!
Missing character: There is no èƒ½ in font nullfont!
Missing character: There is no å¾— in font nullfont!
Missing character: There is no åˆ° in font nullfont!
Missing character: There is no æ§ in font nullfont!
Missing character: There is no åˆ¶ in font nullfont!
Missing character: There is no æµ in font nullfont!
Missing character: There is no å›¾ in font nullfont!
Missing character: There is no ä¸­ in font nullfont!
Missing character: There is no èŠ‚ in font nullfont!
Missing character: There is no ç‚¹ in font nullfont!
Missing character: There is no ä¹‹ in font nullfont!
Missing character: There is no é—´ in font nullfont!
Missing character: There is no çš„ in font nullfont!
Missing character: There is no æ”¯ in font nullfont!
Missing character: There is no é… in font nullfont!
Missing character: There is no å…³ in font nullfont!
Missing character: There is no ç³» in font nullfont!
Missing character: There is no ã€‚ in font nullfont!
Missing character: There is no åœ¨ in font nullfont!
Missing character: There is no æµ in font nullfont!
Missing character: There is no å›¾ in font nullfont!
Missing character: There is no ä¸­ in font nullfont!
Missing character: There is no å¦‚ in font nullfont!
Missing character: There is no æœ in font nullfont!
Missing character: There is no ä» in font nullfont!
Missing character: There is no å…¥ in font nullfont!
Missing character: There is no å£ in font nullfont!
Missing character: There is no èŠ‚ in font nullfont!
Missing character: There is no ç‚¹ in font nullfont!
Missing character: There is no æ‰§ in font nullfont!
Missing character: There is no è¡Œ in font nullfont!
Missing character: There is no åˆ° in font nullfont!
LaTeX Font Info:    External font `cmex10' loaded for size
(Font)              <7> on input line 15.
LaTeX Font Info:    External font `cmex10' loaded for size
(Font)              <5> on input line 15.
Missing character: There is no èŠ‚ in font nullfont!
Missing character: There is no ç‚¹ in font nullfont!
Missing character: There is no çš„ in font nullfont!
Missing character: There is no ä»» in font nullfont!
Missing character: There is no æ„ in font nullfont!
Missing character: There is no æ‰§ in font nullfont!
Missing character: There is no è¡Œ in font nullfont!
Missing character: There is no è·¯ in font nullfont!
Missing character: There is no å¾„ in font nullfont!
Missing character: There is no ä¸€ in font nullfont!
Missing character: There is no å®š in font nullfont!
Missing character: There is no ç» in font nullfont!
Missing character: There is no è¿‡ in font nullfont!
Missing character: There is no , in font nullfont!
Missing character: There is no åˆ™ in font nullfont!
Missing character: There is no ç§° in font nullfont!
Missing character: There is no æ”¯ in font nullfont!
Missing character: There is no é… in font nullfont!
Missing character: There is no ï¼Œ in font nullfont!
Missing character: There is no å®š in font nullfont!
Missing character: There is no ä¹‰ in font nullfont!
Missing character: There is no å¦‚ in font nullfont!
Missing character: There is no ä¸‹ in font nullfont!
Missing character: There is no ï¼š in font nullfont!

! LaTeX Error: Environment definition undefined.

See the LaTeX manual or LaTeX Companion for explanation.
Type  H <return>  for immediate help.
 ...                                              
                                                  
l.16 \begin{definition}
                       
Your command was ignored.
Type  I <command> <return>  to replace it with another command,
or  <return>  to continue without it.

! Undefined control sequence.
l.17 ^^I{\hei
              æ”¯é…å…³ç³»ï¼š}åœ¨å…¥å£èŠ‚ç‚¹ä¸º $b_0$çš„æµå›¾ä¸­ï¼Œå½“ä¸”ä...
The control sequence at the end of the top line
of your error message was never \def'ed. If you have
misspelled it (e.g., `\hobx'), type `I' and the correct
spelling (e.g., `I\hbox'). Otherwise just continue,
and I'll forget about whatever was undefined.

Missing character: There is no æ”¯ in font nullfont!
Missing character: There is no é… in font nullfont!
Missing character: There is no å…³ in font nullfont!
Missing character: There is no ç³» in font nullfont!
Missing character: There is no ï¼š in font nullfont!
Missing character: There is no åœ¨ in font nullfont!
Missing character: There is no å…¥ in font nullfont!
Missing character: There is no å£ in font nullfont!
Missing character: There is no èŠ‚ in font nullfont!
Missing character: There is no ç‚¹ in font nullfont!
Missing character: There is no ä¸º in font nullfont!
Missing character: There is no çš„ in font nullfont!
Missing character: There is no æµ in font nullfont!
Missing character: There is no å›¾ in font nullfont!
Missing character: There is no ä¸­ in font nullfont!
Missing character: There is no ï¼Œ in font nullfont!
Missing character: There is no å½“ in font nullfont!
Missing character: There is no ä¸” in font nullfont!
Missing character: There is no ä»… in font nullfont!
Missing character: There is no å½“ in font nullfont!
Missing character: There is no ä½ in font nullfont!
Missing character: There is no äº in font nullfont!
Missing character: There is no ä» in font nullfont!
Missing character: There is no åˆ° in font nullfont!
Missing character: There is no çš„ in font nullfont!
Missing character: There is no æ¯ in font nullfont!
Missing character: There is no æ¡ in font nullfont!
Missing character: There is no è·¯ in font nullfont!
Missing character: There is no å¾„ in font nullfont!
Missing character: There is no ä¸Š in font nullfont!
Missing character: There is no æ—¶ in font nullfont!
Missing character: There is no ï¼Œ in font nullfont!
Missing character: There is no èŠ‚ in font nullfont!
Missing character: There is no ç‚¹ in font nullfont!
Missing character: There is no æ”¯ in font nullfont!
Missing character: There is no é… in font nullfont!
Missing character: There is no èŠ‚ in font nullfont!
Missing character: There is no ç‚¹ in font nullfont!
Missing character: There is no ï¼Œ in font nullfont!
Missing character: There is no è®° in font nullfont!
Missing character: There is no ä¸º in font nullfont!
Missing character: There is no ï¼Œ in font nullfont!
Missing character: There is no æ”¯ in font nullfont!
Missing character: There is no é… in font nullfont!
Missing character: There is no çš„ in font nullfont!
Missing character: There is no æ‰€ in font nullfont!
Missing character: There is no æœ‰ in font nullfont!
Missing character: There is no èŠ‚ in font nullfont!
Missing character: There is no ç‚¹ in font nullfont!
Missing character: There is no è®° in font nullfont!
Missing character: There is no ä¸º in font nullfont!
Missing character: There is no ã€‚ in font nullfont!
Missing character: There is no æ”¯ in font nullfont!
Missing character: There is no é… in font nullfont!
Missing character: There is no å…³ in font nullfont!
Missing character: There is no ç³» in font nullfont!
Missing character: There is no æœ‰ in font nullfont!
Missing character: There is no å¦‚ in font nullfont!
Missing character: There is no ä¸‹ in font nullfont!
Missing character: There is no æ€§ in font nullfont!
Missing character: There is no è´¨ in font nullfont!
Missing character: There is no ï¼š in font nullfont!

! LaTeX Error: Environment asparaenum undefined.

See the LaTeX manual or LaTeX Companion for explanation.
Type  H <return>  for immediate help.
 ...                                              
                                                  
l.18 ^^I\begin{asparaenum}
                          [(1)]
Your command was ignored.
Type  I <command> <return>  to replace it with another command,
or  <return>  to continue without it.

Missing character: There is no [ in font nullfont!
Missing character: There is no ( in font nullfont!
Missing character: There is no 1 in font nullfont!
Missing character: There is no ) in font nullfont!
Missing character: There is no ] in font nullfont!

Overfull \hbox (54.57648pt too wide) in paragraph at lines 15--19
[]$\OML/cmm/m/it/10 b[]$$b[]$$b[]$$b[]$
 []


Overfull \hbox (157.27522pt too wide) in paragraph at lines 15--19
\OML/cmm/m/it/10 b[]$$b[]$$b[]$$b[]$$b[]$$b[]$$b[] []Dom []b[]$$b[]$$Dom\OT1/cm
r/m/n/10 (\OML/cmm/m/it/10 b[]\OT1/cmr/m/n/10 )$$\OML/cmm/m/it/10 Dom$ 
 []


! LaTeX Error: Lonely \item--perhaps a missing list environment.

See the LaTeX manual or LaTeX Companion for explanation.
Type  H <return>  for immediate help.
 ...                                              
                                                  
l.19 ^^I^^I\item è‡ª
                    åæ€§ï¼š$b_i ~ Dom ~ b_i$
Try typing  <return>  to proceed.
If that doesn't work, type  X <return>  to quit.

Missing character: There is no è‡ª in font nullfont!
Missing character: There is no å in font nullfont!
Missing character: There is no æ€§ in font nullfont!
Missing character: There is no ï¼š in font nullfont!

Overfull \hbox (37.4262pt too wide) in paragraph at lines 19--20
\OML/cmm/m/it/10 b[] []Dom []b[]$ 
 []


! LaTeX Error: Lonely \item--perhaps a missing list environment.

See the LaTeX manual or LaTeX Companion for explanation.
Type  H <return>  for immediate help.
 ...                                              
                                                  
l.20 ^^I^^I\item ä¼ 
                    é€’æ€§ï¼š$b_i ~  Dom ~  b_j, b_j ~ Dom ~  b_k  \Rightarr...

Try typing  <return>  to proceed.
If that doesn't work, type  X <return>  to quit.

Missing character: There is no ä¼  in font nullfont!
Missing character: There is no é€’ in font nullfont!
Missing character: There is no æ€§ in font nullfont!
Missing character: There is no ï¼š in font nullfont!

Overfull \hbox (95.43396pt too wide) in paragraph at lines 20--21
\OML/cmm/m/it/10 b[] []Dom []b[]; b[] []Dom []b[] \OMS/cmsy/m/n/10 )
 []


Overfull \hbox (39.01707pt too wide) in paragraph at lines 20--21
\OML/cmm/m/it/10 b[] []Dom []b[]$ 
 []


! LaTeX Error: Lonely \item--perhaps a missing list environment.

See the LaTeX manual or LaTeX Companion for explanation.
Type  H <return>  for immediate help.
 ...                                              
                                                  
l.21 ^^I^^I\item å
                    å¯¹ç§°æ€§ï¼š$b_i ~ Dom ~  b_j,b_i \neq  b_j  \nRightarro...

Try typing  <return>  to proceed.
If that doesn't work, type  X <return>  to quit.

Missing character: There is no å in font nullfont!
Missing character: There is no å¯¹ in font nullfont!
Missing character: There is no ç§° in font nullfont!
Missing character: There is no æ€§ in font nullfont!
Missing character: There is no ï¼š in font nullfont!
! Undefined control sequence.
l.21 ...i ~ Dom ~  b_j,b_i \neq  b_j  \nRightarrow
                                                    b_j ~  Dom ~  b_i$
The control sequence at the end of the top line
of your error message was never \def'ed. If you have
misspelled it (e.g., `\hobx'), type `I' and the correct
spelling (e.g., `I\hbox'). Otherwise just continue,
and I'll forget about whatever was undefined.


! LaTeX Error: \begin{document} ended by \end{asparaenum}.

See the LaTeX manual or LaTeX Companion for explanation.
Type  H <return>  for immediate help.
 ...                                              
                                                  
l.22 ^^I\end{asparaenum}
                        
Your command was ignored.
Type  I <command> <return>  to replace it with another command,
or  <return>  to continue without it.


! LaTeX Error: \begin{document} ended by \end{definition}.

See the LaTeX manual or LaTeX Companion for explanation.
Type  H <return>  for immediate help.
 ...                                              
                                                  
l.23 \end{definition}
                     
Your command was ignored.
Type  I <command> <return>  to replace it with another command,
or  <return>  to continue without it.


Overfull \hbox (60.93134pt too wide) in paragraph at lines 21--24
\OML/cmm/m/it/10 b[] []Dom []b[]; b[] \OMS/cmsy/m/n/10 6\OT1/cmr/m/n/10 =
 []


Overfull \hbox (46.81569pt too wide) in paragraph at lines 21--24
\OML/cmm/m/it/10 b[]b[] []Dom []b[]$
 []


! LaTeX Error: Missing \begin{document}.

See the LaTeX manual or LaTeX Companion for explanation.
Type  H <return>  for immediate help.
 ...                                              
                                                  
l.34 å¦‚
        æœ$b_i ~  Dom ~  b_j$ä¸”$b_i \neq  b_j$ï¼Œåˆ™ç§°$b_i $ä¸¥æ ¼æ”¯é…$...

You're in trouble here.  Try typing  <return>  to proceed.
If that doesn't work, type  X <return>  to quit.

Missing character: There is no å¦‚ in font nullfont!
Missing character: There is no æœ in font nullfont!
Missing character: There is no ä¸” in font nullfont!
Missing character: There is no ï¼Œ in font nullfont!
Missing character: There is no åˆ™ in font nullfont!
Missing character: There is no ç§° in font nullfont!
Missing character: There is no ä¸¥ in font nullfont!
Missing character: There is no æ ¼ in font nullfont!
Missing character: There is no æ”¯ in font nullfont!
Missing character: There is no é… in font nullfont!
Missing character: There is no ï¼Œ in font nullfont!
Missing character: There is no è®° in font nullfont!
Missing character: There is no ä¸º in font nullfont!
Missing character: There is no ã€‚ in font nullfont!
Missing character: There is no å¦‚ in font nullfont!
Missing character: There is no æœ in font nullfont!
Missing character: There is no å¯¹ in font nullfont!
Missing character: There is no ä»» in font nullfont!
Missing character: There is no æ„ in font nullfont!
Missing character: There is no é™¤ in font nullfont!
Missing character: There is no ä»¥ in font nullfont!
Missing character: There is no å¤– in font nullfont!
Missing character: There is no çš„ in font nullfont!
Missing character: There is no çš„ in font nullfont!
Missing character: There is no ä»» in font nullfont!
Missing character: There is no æ„ in font nullfont!
Missing character: There is no æ”¯ in font nullfont!
Missing character: There is no é… in font nullfont!
Missing character: There is no èŠ‚ in font nullfont!
Missing character: There is no ç‚¹ in font nullfont!
Missing character: There is no ï¼Œ in font nullfont!
Missing character: There is no æœ‰ in font nullfont!
Missing character: There is no ï¼Œ in font nullfont!
Missing character: There is no é‚£ in font nullfont!
Missing character: There is no ä¹ˆ in font nullfont!
Missing character: There is no ç§° in font nullfont!
Missing character: There is no æ˜¯ in font nullfont!
Missing character: There is no çš„ in font nullfont!
Missing character: There is no ç›´ in font nullfont!
Missing character: There is no æ¥ in font nullfont!
Missing character: There is no æ”¯ in font nullfont!
Missing character: There is no é… in font nullfont!
Missing character: There is no èŠ‚ in font nullfont!
Missing character: There is no ç‚¹ in font nullfont!
Missing character: There is no ï¼Œ in font nullfont!
Missing character: There is no è®° in font nullfont!
Missing character: There is no ä¸º in font nullfont!
Missing character: There is no ï¼Œ in font nullfont!
Missing character: There is no å¯ in font nullfont!
Missing character: There is no ä»¥ in font nullfont!
Missing character: There is no çœ‹ in font nullfont!
Missing character: There is no å‡º in font nullfont!
Missing character: There is no ç›´ in font nullfont!
Missing character: There is no æ¥ in font nullfont!
Missing character: There is no æ”¯ in font nullfont!
Missing character: There is no é… in font nullfont!
Missing character: There is no èŠ‚ in font nullfont!
Missing character: There is no ç‚¹ in font nullfont!
Missing character: There is no å°± in font nullfont!
Missing character: There is no æ˜¯ in font nullfont!
Missing character: There is no æ”¯ in font nullfont!
Missing character: There is no é… in font nullfont!
Missing character: There is no å…³ in font nullfont!
Missing character: There is no ç³» in font nullfont!
Missing character: There is no é“¾ in font nullfont!
Missing character: There is no ä¸Š in font nullfont!
Missing character: There is no æœ€ in font nullfont!
Missing character: There is no è¿‘ in font nullfont!
Missing character: There is no çš„ in font nullfont!
Missing character: There is no ä¸€ in font nullfont!
Missing character: There is no ä¸ª in font nullfont!
Missing character: There is no èŠ‚ in font nullfont!
Missing character: There is no ç‚¹ in font nullfont!
Missing character: There is no ã€‚ in font nullfont!
Missing character: There is no é€š in font nullfont!
Missing character: There is no è¿‡ in font nullfont!
Missing character: There is no æŠŠ in font nullfont!
Missing character: There is no æ”¯ in font nullfont!
Missing character: There is no é… in font nullfont!
Missing character: There is no å…³ in font nullfont!
Missing character: There is no ç³» in font nullfont!
Missing character: There is no è¡¨ in font nullfont!
Missing character: There is no è¿° in font nullfont!
Missing character: There is no ä¸º in font nullfont!
Missing character: There is no æ ‘ in font nullfont!
Missing character: There is no å½¢ in font nullfont!
Missing character: There is no ç»“ in font nullfont!
Missing character: There is no æ„ in font nullfont!
Missing character: There is no ï¼Œ in font nullfont!
Missing character: There is no å°± in font nullfont!
Missing character: There is no å¯ in font nullfont!
Missing character: There is no ä»¥ in font nullfont!
Missing character: There is no å¾— in font nullfont!
Missing character: There is no åˆ° in font nullfont!
Missing character: There is no ä¸€ in font nullfont!
Missing character: There is no é¢— in font nullfont!
Missing character: There is no ä»¥ in font nullfont!
Missing character: There is no å…¥ in font nullfont!
Missing character: There is no å£ in font nullfont!
Missing character: There is no èŠ‚ in font nullfont!
Missing character: There is no ç‚¹ in font nullfont!
Missing character: There is no ä¸º in font nullfont!
Missing character: There is no æ ¹ in font nullfont!
Missing character: There is no èŠ‚ in font nullfont!
Missing character: There is no ç‚¹ in font nullfont!
Missing character: There is no çš„ in font nullfont!
Missing character: There is no æ”¯ in font nullfont!
Missing character: There is no é… in font nullfont!
Missing character: There is no æ ‘ in font nullfont!
Missing character: There is no ã€‚ in font nullfont!
Missing character: There is no æ”¯ in font nullfont!
Missing character: There is no é… in font nullfont!
Missing character: There is no å…³ in font nullfont!
Missing character: There is no ç³» in font nullfont!
Missing character: There is no çš„ in font nullfont!
Missing character: There is no å¯¹ in font nullfont!
Missing character: There is no å¶ in font nullfont!
Missing character: There is no å…³ in font nullfont!
Missing character: There is no ç³» in font nullfont!
Missing character: There is no ç§° in font nullfont!
Missing character: There is no ä¸º in font nullfont!
Missing character: There is no å in font nullfont!
Missing character: There is no å‘ in font nullfont!
Missing character: There is no æ”¯ in font nullfont!
Missing character: There is no é… in font nullfont!
Missing character: There is no å…³ in font nullfont!
Missing character: There is no ç³» in font nullfont!
Missing character: There is no ï¼Œ in font nullfont!
Missing character: There is no è®° in font nullfont!
Missing character: There is no ä¸º in font nullfont!
Missing character: There is no ã€‚ in font nullfont!
Missing character: There is no è‹¥ in font nullfont!
Missing character: There is no ï¼Œ in font nullfont!
Missing character: There is no åˆ™ in font nullfont!
Missing character: There is no ä»» in font nullfont!
Missing character: There is no æ„ in font nullfont!
Missing character: There is no ç» in font nullfont!
Missing character: There is no è¿‡ in font nullfont!
Missing character: There is no åˆ° in font nullfont!
Missing character: There is no å‡º in font nullfont!
Missing character: There is no å£ in font nullfont!
Missing character: There is no èŠ‚ in font nullfont!
Missing character: There is no ç‚¹ in font nullfont!
Missing character: There is no çš„ in font nullfont!
Missing character: There is no æ‰§ in font nullfont!
Missing character: There is no è¡Œ in font nullfont!
Missing character: There is no è·¯ in font nullfont!
Missing character: There is no å¾„ in font nullfont!
Missing character: There is no éƒ½ in font nullfont!
Missing character: There is no å¿… in font nullfont!
Missing character: There is no é¡» in font nullfont!
Missing character: There is no ç» in font nullfont!
Missing character: There is no è¿‡ in font nullfont!
Missing character: There is no ã€‚ in font nullfont!
Missing character: There is no æµ in font nullfont!
Missing character: There is no å›¾ in font nullfont!
Missing character: There is no çš„ in font nullfont!
Missing character: There is no æ”¯ in font nullfont!
Missing character: There is no é… in font nullfont!
Missing character: There is no å…³ in font nullfont!
Missing character: There is no ç³» in font nullfont!
Missing character: There is no æ˜¯ in font nullfont!
Missing character: There is no å¾ˆ in font nullfont!
Missing character: There is no å¤š in font nullfont!
Missing character: There is no åˆ† in font nullfont!
Missing character: There is no æ in font nullfont!
Missing character: There is no ç®— in font nullfont!
Missing character: There is no æ³• in font nullfont!
Missing character: There is no çš„ in font nullfont!
Missing character: There is no åŸº in font nullfont!
Missing character: There is no ç¡€ in font nullfont!
Missing character: There is no ï¼Œ in font nullfont!
Missing character: There is no æ¯” in font nullfont!
Missing character: There is no å¦‚ in font nullfont!
Missing character: There is no æ£€ in font nullfont!
Missing character: There is no æµ‹ in font nullfont!
Missing character: There is no å˜ in font nullfont!
Missing character: There is no é‡ in font nullfont!
Missing character: There is no çš„ in font nullfont!
Missing character: There is no åˆ in font nullfont!
Missing character: There is no å§‹ in font nullfont!
Missing character: There is no åŒ– in font nullfont!
Missing character: There is no æ˜¯ in font nullfont!
Missing character: There is no å¦ in font nullfont!
Missing character: There is no å‡º in font nullfont!
Missing character: There is no ç° in font nullfont!
Missing character: There is no åœ¨ in font nullfont!
Missing character: There is no æ‰€ in font nullfont!
Missing character: There is no æœ‰ in font nullfont!
Missing character: There is no è¯¥ in font nullfont!
Missing character: There is no å˜ in font nullfont!
Missing character: There is no é‡ in font nullfont!
Missing character: There is no çš„ in font nullfont!
Missing character: There is no ä½¿ in font nullfont!
Missing character: There is no ç”¨ in font nullfont!
Missing character: There is no ä¹‹ in font nullfont!
Missing character: There is no å‰ in font nullfont!
Missing character: There is no ã€‚ in font nullfont!

Overfull \hbox (76.48692pt too wide) in paragraph at lines 34--37
[]$\OML/cmm/m/it/10 b[] []Dom []b[]$$b[] \OMS/cmsy/m/n/10 6\OT1/cmr/m/n/10 =
 []


Overfull \hbox (81.8458pt too wide) in paragraph at lines 34--37
\OML/cmm/m/it/10 b[]$$b[]$$b[]$$b[] []Dom\OT1/cmr/m/n/10 ! []\OML/cmm/m/it/10 b
[]$$b[]$$b[]$
 []


Overfull \hbox (104.14465pt too wide) in paragraph at lines 34--37
\OML/cmm/m/it/10 b[]$$b[] []Dom []b[]$$b[]$$b[]$$b[] []IDom []b[]$
 []


Overfull \hbox (92.23901pt too wide) in paragraph at lines 34--37
\OML/cmm/m/it/10 PDom$$b[] []PDom []b[]$$b[]$$b[]$ 
 []


! LaTeX Error: Missing \begin{document}.

See the LaTeX manual or LaTeX Companion for explanation.
Type  H <return>  for immediate help.
 ...                                              
                                                  
l.38 æ”¯
        é…å…³ç³»çš„ç”Ÿæˆä¸€èˆ¬é€šè¿‡è§£$Dom(b) = \{b\} \cup ( \bigcap_{n \...

You're in trouble here.  Try typing  <return>  to proceed.
If that doesn't work, type  X <return>  to quit.

Missing character: There is no æ”¯ in font nullfont!
Missing character: There is no é… in font nullfont!
Missing character: There is no å…³ in font nullfont!
Missing character: There is no ç³» in font nullfont!
Missing character: There is no çš„ in font nullfont!
Missing character: There is no ç”Ÿ in font nullfont!
Missing character: There is no æˆ in font nullfont!
Missing character: There is no ä¸€ in font nullfont!
Missing character: There is no èˆ¬ in font nullfont!
Missing character: There is no é€š in font nullfont!
Missing character: There is no è¿‡ in font nullfont!
Missing character: There is no è§£ in font nullfont!
Missing character: There is no å® in font nullfont!
Missing character: There is no ç° in font nullfont!
Missing character: There is no ï¼Œ in font nullfont!
Missing character: There is no è¡¨ in font nullfont!
Missing character: There is no ç¤º in font nullfont!
Missing character: There is no èŠ‚ in font nullfont!
Missing character: There is no ç‚¹ in font nullfont!
Missing character: There is no åœ¨ in font nullfont!
Missing character: There is no æ§ in font nullfont!
Missing character: There is no åˆ¶ in font nullfont!
Missing character: There is no æµ in font nullfont!
Missing character: There is no å›¾ in font nullfont!
Missing character: There is no ä¸­ in font nullfont!
Missing character: There is no çš„ in font nullfont!
Missing character: There is no å‰ in font nullfont!
Missing character: There is no é©± in font nullfont!
Missing character: There is no èŠ‚ in font nullfont!
Missing character: There is no ç‚¹ in font nullfont!
Missing character: There is no é›† in font nullfont!
Missing character: There is no åˆ in font nullfont!
Missing character: There is no ã€‚ in font nullfont!
Missing character: There is no è¿™ in font nullfont!
Missing character: There is no æ˜¯ in font nullfont!
Missing character: There is no ä¸€ in font nullfont!
Missing character: There is no ä¸ª in font nullfont!
Missing character: There is no å…¸ in font nullfont!
Missing character: There is no å‹ in font nullfont!
Missing character: There is no çš„ in font nullfont!
Missing character: There is no è¿­ in font nullfont!
Missing character: There is no ä»£ in font nullfont!
Missing character: There is no æ±‚ in font nullfont!
Missing character: There is no è§£ in font nullfont!
Missing character: There is no è¿‡ in font nullfont!
Missing character: There is no ç¨‹ in font nullfont!
Missing character: There is no ï¼Œ in font nullfont!
Missing character: There is no é—® in font nullfont!
Missing character: There is no é¢˜ in font nullfont!
Missing character: There is no çš„ in font nullfont!
Missing character: There is no åˆ in font nullfont!
Missing character: There is no å§‹ in font nullfont!
Missing character: There is no æ¡ in font nullfont!
Missing character: There is no ä»¶ in font nullfont!
Missing character: There is no æ˜¯ in font nullfont!
Missing character: There is no ï¼š in font nullfont!
Missing character: There is no ï¼Œ in font nullfont!
Missing character: There is no ä¸” in font nullfont!
Missing character: There is no ï¼Œ in font nullfont!
Missing character: There is no ä¸º in font nullfont!
Missing character: There is no æµ in font nullfont!
Missing character: There is no å›¾ in font nullfont!
Missing character: There is no çš„ in font nullfont!
Missing character: There is no èŠ‚ in font nullfont!
Missing character: There is no ç‚¹ in font nullfont!
Missing character: There is no å…¨ in font nullfont!
Missing character: There is no é›† in font nullfont!
Missing character: There is no ã€‚ in font nullfont!
Missing character: There is no è¿­ in font nullfont!
Missing character: There is no ä»£ in font nullfont!
Missing character: There is no æ±‚ in font nullfont!
Missing character: There is no è§£ in font nullfont!
Missing character: There is no ç®— in font nullfont!
Missing character: There is no æ³• in font nullfont!
Missing character: There is no å¦‚ in font nullfont!
! Undefined control sequence.
<write> ...ence `alg:domtree_it' on page \thepage 
                                                  \space undefined\on@line .^^J
l.38 ...è¿­ä»£æ±‚è§£ç®—æ³•å¦‚~\ref{alg:domtree_it}
                                                  æ‰€ç¤ºã€‚
The control sequence at the end of the top line
of your error message was never \def'ed. If you have
misspelled it (e.g., `\hobx'), type `I' and the correct
spelling (e.g., `I\hbox'). Otherwise just continue,
and I'll forget about whatever was undefined.


LaTeX Warning: Reference `alg:domtree_it' on page  undefined on input line 38.

Missing character: There is no æ‰€ in font nullfont!
Missing character: There is no ç¤º in font nullfont!
Missing character: There is no ã€‚ in font nullfont!

Overfull \hbox (64.80928pt too wide) in paragraph at lines 38--39
[]$\OML/cmm/m/it/10 Dom\OT1/cmr/m/n/10 (\OML/cmm/m/it/10 b\OT1/cmr/m/n/10 ) =
 []


Overfull \hbox (20.95837pt too wide) in paragraph at lines 38--39
\OMS/cmsy/m/n/10 f\OML/cmm/m/it/10 b\OMS/cmsy/m/n/10 g [
 []


Overfull \hbox (184.14885pt too wide) in paragraph at lines 38--39
\OT1/cmr/m/n/10 ([][]  []\OML/cmm/m/it/10 Dom\OT1/cmr/m/n/10 (\OML/cmm/m/it/10 
n\OT1/cmr/m/n/10 ))$$\OML/cmm/m/it/10 preds\OT1/cmr/m/n/10 (\OML/cmm/m/it/10 b\
OT1/cmr/m/n/10 )$$\OML/cmm/m/it/10 b$$Dom\OT1/cmr/m/n/10 (\OML/cmm/m/it/10 b[]\
OT1/cmr/m/n/10 ) =
 []


Overfull \hbox (42.50984pt too wide) in paragraph at lines 38--39
\OMS/cmsy/m/n/10 f\OML/cmm/m/it/10 b[]\OMS/cmsy/m/n/10 g$$8\OML/cmm/m/it/10 b[]
 \OMS/cmsy/m/n/10 6\OT1/cmr/m/n/10 =
 []


Overfull \hbox (61.36076pt too wide) in paragraph at lines 38--39
\OML/cmm/m/it/10 b[];  []Dom\OT1/cmr/m/n/10 (\OML/cmm/m/it/10 b[]\OT1/cmr/m/n/1
0 ) =
 []


Overfull \hbox (27.03467pt too wide) in paragraph at lines 38--39
\OML/cmm/m/it/10 B$$B$ [] 
 []


! LaTeX Error: Missing \begin{document}.

See the LaTeX manual or LaTeX Companion for explanation.
Type  H <return>  for immediate help.
 ...                                              
                                                  
l.41 æ§
        åˆ¶æµåˆ†æåœ¨æ¼æ´æŒ–æ˜ä¸­çš„ä½œç”¨ä¸»è¦ä½“ç°åœ¨æ§åˆ¶ä¾èµ–åˆ...

You're in trouble here.  Try typing  <return>  to proceed.
If that doesn't work, type  X <return>  to quit.

Missing character: There is no æ§ in font nullfont!
Missing character: There is no åˆ¶ in font nullfont!
Missing character: There is no æµ in font nullfont!
Missing character: There is no åˆ† in font nullfont!
Missing character: There is no æ in font nullfont!
Missing character: There is no åœ¨ in font nullfont!
Missing character: There is no æ¼ in font nullfont!
Missing character: There is no æ´ in font nullfont!
Missing character: There is no æŒ– in font nullfont!
Missing character: There is no æ˜ in font nullfont!
Missing character: There is no ä¸­ in font nullfont!
Missing character: There is no çš„ in font nullfont!
Missing character: There is no ä½œ in font nullfont!
Missing character: There is no ç”¨ in font nullfont!
Missing character: There is no ä¸» in font nullfont!
Missing character: There is no è¦ in font nullfont!
Missing character: There is no ä½“ in font nullfont!
Missing character: There is no ç° in font nullfont!
Missing character: There is no åœ¨ in font nullfont!
Missing character: There is no æ§ in font nullfont!
Missing character: There is no åˆ¶ in font nullfont!
Missing character: There is no ä¾ in font nullfont!
Missing character: There is no èµ– in font nullfont!
Missing character: There is no åˆ† in font nullfont!
Missing character: There is no æ in font nullfont!
Missing character: There is no å’Œ in font nullfont!
Missing character: There is no å¾ª in font nullfont!
Missing character: There is no ç¯ in font nullfont!
Missing character: There is no æ£€ in font nullfont!
Missing character: There is no æµ‹ in font nullfont!
Missing character: There is no ã€‚ in font nullfont!
Missing character: There is no åœ¨ in font nullfont!
Missing character: There is no æ§ in font nullfont!
Missing character: There is no åˆ¶ in font nullfont!
Missing character: There is no æµ in font nullfont!
Missing character: There is no å›¾ in font nullfont!
Missing character: There is no ä¸­ in font nullfont!
Missing character: There is no ï¼Œ in font nullfont!
Missing character: There is no èŠ‚ in font nullfont!
Missing character: There is no ç‚¹ in font nullfont!
Missing character: There is no å’Œ in font nullfont!
Missing character: There is no ä¹‹ in font nullfont!
Missing character: There is no é—´ in font nullfont!
Missing character: There is no å­˜ in font nullfont!
Missing character: There is no åœ¨ in font nullfont!
Missing character: There is no æ§ in font nullfont!
Missing character: There is no åˆ¶ in font nullfont!
Missing character: There is no ä¾ in font nullfont!
Missing character: There is no èµ– in font nullfont!
Missing character: There is no æ˜¯ in font nullfont!
Missing character: There is no æŒ‡ in font nullfont!
Missing character: There is no ï¼š in font nullfont!

! LaTeX Error: Environment asparaenum undefined.

See the LaTeX manual or LaTeX Companion for explanation.
Type  H <return>  for immediate help.
 ...                                              
                                                  
l.42 \begin{asparaenum}
                       [(1)]
Your command was ignored.
Type  I <command> <return>  to replace it with another command,
or  <return>  to continue without it.

Missing character: There is no [ in font nullfont!
Missing character: There is no ( in font nullfont!
Missing character: There is no 1 in font nullfont!
Missing character: There is no ) in font nullfont!
Missing character: There is no ] in font nullfont!

Overfull \hbox (28.50522pt too wide) in paragraph at lines 41--43
[]$\OML/cmm/m/it/10 b[]$
 []


Overfull \hbox (7.62094pt too wide) in paragraph at lines 41--43
\OML/cmm/m/it/10 b[]$ 
 []


! LaTeX Error: Lonely \item--perhaps a missing list environment.

See the LaTeX manual or LaTeX Companion for explanation.
Type  H <return>  for immediate help.
 ...                                              
                                                  
l.43 ^^I\item å­˜
                 åœ¨ä¸€æ¡$b_i$åˆ°$b_j$çš„æ‰§è¡Œè·¯å¾„ã€‚
Try typing  <return>  to proceed.
If that doesn't work, type  X <return>  to quit.

Missing character: There is no å­˜ in font nullfont!
Missing character: There is no åœ¨ in font nullfont!
Missing character: There is no ä¸€ in font nullfont!
Missing character: There is no æ¡ in font nullfont!
Missing character: There is no åˆ° in font nullfont!
Missing character: There is no çš„ in font nullfont!
Missing character: There is no æ‰§ in font nullfont!
Missing character: There is no è¡Œ in font nullfont!
Missing character: There is no è·¯ in font nullfont!
Missing character: There is no å¾„ in font nullfont!
Missing character: There is no ã€‚ in font nullfont!

Overfull \hbox (16.12616pt too wide) in paragraph at lines 43--44
\OML/cmm/m/it/10 b[]$$b[]$ 
 []


! LaTeX Error: Lonely \item--perhaps a missing list environment.

See the LaTeX manual or LaTeX Companion for explanation.
Type  H <return>  for immediate help.
 ...                                              
                                                  
l.44 ^^I\item å¯¹
                 $b_i$åˆ°$b_j$è·¯å¾„ä¸Šçš„ä»»æ„èŠ‚ç‚¹$b_k$ï¼Œ$b_k$åˆ°å‡ºå£...

Try typing  <return>  to proceed.
If that doesn't work, type  X <return>  to quit.

Missing character: There is no å¯¹ in font nullfont!
Missing character: There is no åˆ° in font nullfont!
Missing character: There is no è·¯ in font nullfont!
Missing character: There is no å¾„ in font nullfont!
Missing character: There is no ä¸Š in font nullfont!
Missing character: There is no çš„ in font nullfont!
Missing character: There is no ä»» in font nullfont!
Missing character: There is no æ„ in font nullfont!
Missing character: There is no èŠ‚ in font nullfont!
Missing character: There is no ç‚¹ in font nullfont!
Missing character: There is no ï¼Œ in font nullfont!
Missing character: There is no åˆ° in font nullfont!
Missing character: There is no å‡º in font nullfont!
Missing character: There is no å£ in font nullfont!
Missing character: There is no çš„ in font nullfont!
Missing character: There is no è·¯ in font nullfont!
Missing character: There is no å¾„ in font nullfont!
Missing character: There is no ä¸€ in font nullfont!
Missing character: There is no å®š in font nullfont!
Missing character: There is no ç» in font nullfont!
Missing character: There is no è¿‡ in font nullfont!
Missing character: There is no ã€‚ in font nullfont!

Overfull \hbox (43.05502pt too wide) in paragraph at lines 44--45
\OML/cmm/m/it/10 b[]$$b[]$$b[]$$b[]$$b[]$ 
 []


! LaTeX Error: Lonely \item--perhaps a missing list environment.

See the LaTeX manual or LaTeX Companion for explanation.
Type  H <return>  for immediate help.
 ...                                              
                                                  
l.45 ^^I\item $
               b_j$ä¸æ˜¯$b_i$çš„ä¸¥æ ¼åå‘æ”¯é…èŠ‚ç‚¹ï¼Œå³$\neg(b_j ~PD...

Try typing  <return>  to proceed.
If that doesn't work, type  X <return>  to quit.

Missing character: There is no ä¸ in font nullfont!
Missing character: There is no æ˜¯ in font nullfont!
Missing character: There is no çš„ in font nullfont!
Missing character: There is no ä¸¥ in font nullfont!
Missing character: There is no æ ¼ in font nullfont!
Missing character: There is no å in font nullfont!
Missing character: There is no å‘ in font nullfont!
Missing character: There is no æ”¯ in font nullfont!
Missing character: There is no é… in font nullfont!
Missing character: There is no èŠ‚ in font nullfont!
Missing character: There is no ç‚¹ in font nullfont!
Missing character: There is no ï¼Œ in font nullfont!
Missing character: There is no å³ in font nullfont!
Missing character: There is no ã€‚ in font nullfont!

! LaTeX Error: \begin{document} ended by \end{asparaenum}.

See the LaTeX manual or LaTeX Companion for explanation.
Type  H <return>  for immediate help.
 ...                                              
                                                  
l.46 \end{asparaenum}
                     
Your command was ignored.
Type  I <command> <return>  to replace it with another command,
or  <return>  to continue without it.


Overfull \hbox (84.53778pt too wide) in paragraph at lines 45--47
\OML/cmm/m/it/10 b[]$$b[]$$\OMS/cmsy/m/n/10 :\OT1/cmr/m/n/10 (\OML/cmm/m/it/10 
b[] []PDOM\OT1/cmr/m/n/10 ! []\OML/cmm/m/it/10 b[]\OT1/cmr/m/n/10 )$
 []


! LaTeX Error: Missing \begin{document}.

See the LaTeX manual or LaTeX Companion for explanation.
Type  H <return>  for immediate help.
 ...                                              
                                                  
l.48 ç›´
        è§‚ä¸Šçœ‹ï¼Œè¦æ±‚åœ¨$b_i$å’Œ$b_j$ä¹‹é—´ä¸€å®šæœ‰ä¸€æ¡æ§åˆ¶è½¬ç§»æ...

You're in trouble here.  Try typing  <return>  to proceed.
If that doesn't work, type  X <return>  to quit.

Missing character: There is no ç›´ in font nullfont!
Missing character: There is no è§‚ in font nullfont!
Missing character: There is no ä¸Š in font nullfont!
Missing character: There is no çœ‹ in font nullfont!
Missing character: There is no ï¼Œ in font nullfont!
Missing character: There is no è¦ in font nullfont!
Missing character: There is no æ±‚ in font nullfont!
Missing character: There is no åœ¨ in font nullfont!
Missing character: There is no å’Œ in font nullfont!
Missing character: There is no ä¹‹ in font nullfont!
Missing character: There is no é—´ in font nullfont!
Missing character: There is no ä¸€ in font nullfont!
Missing character: There is no å®š in font nullfont!
Missing character: There is no æœ‰ in font nullfont!
Missing character: There is no ä¸€ in font nullfont!
Missing character: There is no æ¡ in font nullfont!
Missing character: There is no æ§ in font nullfont!
Missing character: There is no åˆ¶ in font nullfont!
Missing character: There is no è½¬ in font nullfont!
Missing character: There is no ç§» in font nullfont!
Missing character: There is no æŒ‡ in font nullfont!
Missing character: There is no ä»¤ in font nullfont!
Missing character: There is no ï¼Œ in font nullfont!
Missing character: There is no è¿› in font nullfont!
Missing character: There is no è€Œ in font nullfont!
Missing character: There is no ä½¿ in font nullfont!
Missing character: There is no å¾— in font nullfont!
Missing character: There is no é™¤ in font nullfont!
Missing character: There is no äº† in font nullfont!
Missing character: There is no ä» in font nullfont!
Missing character: There is no åˆ° in font nullfont!
Missing character: There is no ä¹‹ in font nullfont!
Missing character: There is no å¤– in font nullfont!
Missing character: There is no ä¸€ in font nullfont!
Missing character: There is no å®š in font nullfont!
Missing character: There is no è¿˜ in font nullfont!
Missing character: There is no ä¼š in font nullfont!
Missing character: There is no æœ‰ in font nullfont!
Missing character: There is no å…¶ in font nullfont!
Missing character: There is no ä»– in font nullfont!
Missing character: There is no åˆ† in font nullfont!
Missing character: There is no æ”¯ in font nullfont!
Missing character: There is no è·¯ in font nullfont!
Missing character: There is no å¾„ in font nullfont!
Missing character: There is no ã€‚ in font nullfont!
Missing character: There is no è¿™ in font nullfont!
Missing character: There is no åœ¨ in font nullfont!
Missing character: There is no æ¼ in font nullfont!
Missing character: There is no æ´ in font nullfont!
Missing character: There is no æŒ– in font nullfont!
Missing character: There is no æ˜ in font nullfont!
Missing character: There is no ä¸­ in font nullfont!
Missing character: There is no çš„ in font nullfont!
Missing character: There is no æ„ in font nullfont!
Missing character: There is no ä¹‰ in font nullfont!
Missing character: There is no åœ¨ in font nullfont!
Missing character: There is no äº in font nullfont!
Missing character: There is no ï¼Œ in font nullfont!
Missing character: There is no å¦‚ in font nullfont!
Missing character: There is no æœ in font nullfont!
Missing character: There is no ç¡® in font nullfont!
Missing character: There is no å®š in font nullfont!
Missing character: There is no äº† in font nullfont!
Missing character: There is no æŸ in font nullfont!
Missing character: There is no ä¸€ in font nullfont!
Missing character: There is no æ®µ in font nullfont!
Missing character: There is no ä»£ in font nullfont!
Missing character: There is no ç  in font nullfont!
Missing character: There is no åŒº in font nullfont!
Missing character: There is no ä¸€ in font nullfont!
Missing character: There is no å®š in font nullfont!
Missing character: There is no å­˜ in font nullfont!
Missing character: There is no åœ¨ in font nullfont!
Missing character: There is no é—® in font nullfont!
Missing character: There is no é¢˜ in font nullfont!
Missing character: There is no ï¼Œ in font nullfont!
Missing character: There is no å¹¶ in font nullfont!
Missing character: There is no ä¸” in font nullfont!
Missing character: There is no è¯¥ in font nullfont!
Missing character: There is no ä»£ in font nullfont!
Missing character: There is no ç  in font nullfont!
Missing character: There is no åŒº in font nullfont!
Missing character: There is no ä¸ in font nullfont!
Missing character: There is no å…¥ in font nullfont!
Missing character: There is no å£ in font nullfont!
Missing character: There is no èŠ‚ in font nullfont!
Missing character: There is no ç‚¹ in font nullfont!
Missing character: There is no å­˜ in font nullfont!
Missing character: There is no åœ¨ in font nullfont!
Missing character: There is no çº§ in font nullfont!
Missing character: There is no è” in font nullfont!
Missing character: There is no çš„ in font nullfont!
Missing character: There is no æ§ in font nullfont!
Missing character: There is no åˆ¶ in font nullfont!
Missing character: There is no ä¾ in font nullfont!
Missing character: There is no èµ– in font nullfont!
Missing character: There is no å…³ in font nullfont!
Missing character: There is no ç³» in font nullfont!
Missing character: There is no ï¼Œ in font nullfont!
Missing character: There is no é‚£ in font nullfont!
Missing character: There is no ä¹ˆ in font nullfont!
Missing character: There is no å°± in font nullfont!
Missing character: There is no èƒ½ in font nullfont!
Missing character: There is no å¤Ÿ in font nullfont!
Missing character: There is no ç›´ in font nullfont!
Missing character: There is no æ¥ in font nullfont!
Missing character: There is no åˆ¤ in font nullfont!
Missing character: There is no å®š in font nullfont!
Missing character: There is no ä» in font nullfont!
Missing character: There is no å…¥ in font nullfont!
Missing character: There is no å£ in font nullfont!
Missing character: There is no èŠ‚ in font nullfont!
Missing character: There is no ç‚¹ in font nullfont!
Missing character: There is no åˆ° in font nullfont!
Missing character: There is no é—® in font nullfont!
Missing character: There is no é¢˜ in font nullfont!
Missing character: There is no ä»£ in font nullfont!
Missing character: There is no ç  in font nullfont!
Missing character: There is no åŒº in font nullfont!
Missing character: There is no çš„ in font nullfont!
Missing character: There is no å¯ in font nullfont!
Missing character: There is no è¾¾ in font nullfont!
Missing character: There is no æ€§ in font nullfont!
Missing character: There is no ï¼Œ in font nullfont!
Missing character: There is no è€Œ in font nullfont!
Missing character: There is no ä¸ in font nullfont!
Missing character: There is no ç”¨ in font nullfont!
Missing character: There is no è¿› in font nullfont!
Missing character: There is no è¡Œ in font nullfont!
Missing character: There is no å…¶ in font nullfont!
Missing character: There is no ä»– in font nullfont!
Missing character: There is no çš„ in font nullfont!
Missing character: There is no æ±‚ in font nullfont!
Missing character: There is no è§£ in font nullfont!
Missing character: There is no åˆ† in font nullfont!
Missing character: There is no æ in font nullfont!
Missing character: There is no ã€‚ in font nullfont!

Overfull \hbox (52.25232pt too wide) in paragraph at lines 48--50
[]$\OML/cmm/m/it/10 b[]$$b[]$$b[]$$b[]$ 
 []


! LaTeX Error: Missing \begin{document}.

See the LaTeX manual or LaTeX Companion for explanation.
Type  H <return>  for immediate help.
 ...                                              
                                                  
l.51 å¾ˆ
        å¤šå…³äºç¼“å†²åŒºæº¢å‡ºæ¼æ´æŒ–æ˜ç ”ç©¶çš„æ–‡çŒ®éƒ½æŒ‡å‡ºï¼Œç¼“å†...

You're in trouble here.  Try typing  <return>  to proceed.
If that doesn't work, type  X <return>  to quit.

Missing character: There is no å¾ˆ in font nullfont!
Missing character: There is no å¤š in font nullfont!
Missing character: There is no å…³ in font nullfont!
Missing character: There is no äº in font nullfont!
Missing character: There is no ç¼“ in font nullfont!
Missing character: There is no å†² in font nullfont!
Missing character: There is no åŒº in font nullfont!
Missing character: There is no æº¢ in font nullfont!
Missing character: There is no å‡º in font nullfont!
Missing character: There is no æ¼ in font nullfont!
Missing character: There is no æ´ in font nullfont!
Missing character: There is no æŒ– in font nullfont!
Missing character: There is no æ˜ in font nullfont!
Missing character: There is no ç ” in font nullfont!
Missing character: There is no ç©¶ in font nullfont!
Missing character: There is no çš„ in font nullfont!
Missing character: There is no æ–‡ in font nullfont!
Missing character: There is no çŒ® in font nullfont!
Missing character: There is no éƒ½ in font nullfont!
Missing character: There is no æŒ‡ in font nullfont!
Missing character: There is no å‡º in font nullfont!
Missing character: There is no ï¼Œ in font nullfont!
Missing character: There is no ç¼“ in font nullfont!
Missing character: There is no å†² in font nullfont!
Missing character: There is no åŒº in font nullfont!
Missing character: There is no æº¢ in font nullfont!
Missing character: There is no å‡º in font nullfont!
Missing character: There is no æ¼ in font nullfont!
Missing character: There is no æ´ in font nullfont!
Missing character: There is no å’Œ in font nullfont!
Missing character: There is no ä»£ in font nullfont!
Missing character: There is no ç  in font nullfont!
Missing character: There is no ä¸­ in font nullfont!
Missing character: There is no å­˜ in font nullfont!
Missing character: There is no åœ¨ in font nullfont!
Missing character: There is no çš„ in font nullfont!
Missing character: There is no è¿ in font nullfont!
Missing character: There is no ç»­ in font nullfont!
Missing character: There is no å†… in font nullfont!
Missing character: There is no å­˜ in font nullfont!
Missing character: There is no è¯» in font nullfont!
Missing character: There is no å†™ in font nullfont!
Missing character: There is no ç›´ in font nullfont!
Missing character: There is no æ¥ in font nullfont!
Missing character: There is no ç›¸ in font nullfont!
Missing character: There is no å…³ in font nullfont!
! Undefined control sequence.
l.51 ...œ¨çš„è¿ç»­å†…å­˜è¯»å†™ç›´æ¥ç›¸å…³\upcite
                                                  {larochelle2001statically,...
The control sequence at the end of the top line
of your error message was never \def'ed. If you have
misspelled it (e.g., `\hobx'), type `I' and the correct
spelling (e.g., `I\hbox'). Otherwise just continue,
and I'll forget about whatever was undefined.

Missing character: There is no l in font nullfont!
Missing character: There is no a in font nullfont!
Missing character: There is no r in font nullfont!
Missing character: There is no o in font nullfont!
Missing character: There is no c in font nullfont!
Missing character: There is no h in font nullfont!
Missing character: There is no e in font nullfont!
Missing character: There is no l in font nullfont!
Missing character: There is no l in font nullfont!
Missing character: There is no e in font nullfont!
Missing character: There is no 2 in font nullfont!
Missing character: There is no 0 in font nullfont!
Missing character: There is no 0 in font nullfont!
Missing character: There is no 1 in font nullfont!
Missing character: There is no s in font nullfont!
Missing character: There is no t in font nullfont!
Missing character: There is no a in font nullfont!
Missing character: There is no t in font nullfont!
Missing character: There is no i in font nullfont!
Missing character: There is no c in font nullfont!
Missing character: There is no a in font nullfont!
Missing character: There is no l in font nullfont!
Missing character: There is no l in font nullfont!
Missing character: There is no y in font nullfont!
Missing character: There is no , in font nullfont!
Missing character: There is no r in font nullfont!
Missing character: There is no a in font nullfont!
Missing character: There is no w in font nullfont!
Missing character: There is no a in font nullfont!
Missing character: There is no t in font nullfont!
Missing character: There is no 2 in font nullfont!
Missing character: There is no 0 in font nullfont!
Missing character: There is no 1 in font nullfont!
Missing character: There is no 2 in font nullfont!
Missing character: There is no f in font nullfont!
Missing character: There is no i in font nullfont!
Missing character: There is no n in font nullfont!
Missing character: There is no d in font nullfont!
Missing character: There is no i in font nullfont!
Missing character: There is no n in font nullfont!
Missing character: There is no g in font nullfont!
Missing character: There is no ã€‚ in font nullfont!
Missing character: There is no è€Œ in font nullfont!
Missing character: There is no è¿ in font nullfont!
Missing character: There is no ç»­ in font nullfont!
Missing character: There is no å†… in font nullfont!
Missing character: There is no å­˜ in font nullfont!
Missing character: There is no è¯» in font nullfont!
Missing character: There is no å†™ in font nullfont!
Missing character: There is no æ¨¡ in font nullfont!
Missing character: There is no å¼ in font nullfont!
Missing character: There is no åœ¨ in font nullfont!
Missing character: There is no æ§ in font nullfont!
Missing character: There is no åˆ¶ in font nullfont!
Missing character: There is no æµ in font nullfont!
Missing character: There is no å›¾ in font nullfont!
Missing character: There is no ä¸­ in font nullfont!
Missing character: There is no çš„ in font nullfont!
Missing character: There is no ç›´ in font nullfont!
Missing character: There is no æ¥ in font nullfont!
Missing character: There is no ä½“ in font nullfont!
Missing character: There is no ç° in font nullfont!
Missing character: There is no å°± in font nullfont!
Missing character: There is no æ˜¯ in font nullfont!
Missing character: There is no èŠ‚ in font nullfont!
Missing character: There is no ç‚¹ in font nullfont!
Missing character: There is no ä¹‹ in font nullfont!
Missing character: There is no é—´ in font nullfont!
Missing character: There is no å­˜ in font nullfont!
Missing character: There is no åœ¨ in font nullfont!
Missing character: There is no å› in font nullfont!
Missing character: There is no è¾¹ in font nullfont!
Missing character: There is no ( in font nullfont!
Missing character: There is no b in font nullfont!
Missing character: There is no a in font nullfont!
Missing character: There is no c in font nullfont!
Missing character: There is no k in font nullfont!
Missing character: There is no e in font nullfont!
Missing character: There is no d in font nullfont!
Missing character: There is no g in font nullfont!
Missing character: There is no e in font nullfont!
Missing character: There is no ) in font nullfont!
Missing character: There is no ï¼Œ in font nullfont!
Missing character: There is no è®° in font nullfont!
Missing character: There is no ä¸º in font nullfont!
Missing character: There is no ã€‚ in font nullfont!
Missing character: There is no é€š in font nullfont!
Missing character: There is no è¿‡ in font nullfont!
Missing character: There is no å¯¹ in font nullfont!
Missing character: There is no æ§ in font nullfont!
Missing character: There is no åˆ¶ in font nullfont!
Missing character: There is no æµ in font nullfont!
Missing character: There is no å›¾ in font nullfont!
Missing character: There is no è¿› in font nullfont!
Missing character: There is no è¡Œ in font nullfont!
Missing character: There is no åˆ† in font nullfont!
Missing character: There is no æ in font nullfont!
Missing character: There is no ï¼Œ in font nullfont!
Missing character: There is no å°± in font nullfont!
Missing character: There is no å¯ in font nullfont!
Missing character: There is no ä»¥ in font nullfont!
Missing character: There is no åˆ† in font nullfont!
Missing character: There is no ç¦» in font nullfont!
Missing character: There is no å‡º in font nullfont!
Missing character: There is no ä»£ in font nullfont!
Missing character: There is no ç  in font nullfont!
Missing character: There is no ä¸­ in font nullfont!
Missing character: There is no ä¸ in font nullfont!
Missing character: There is no å› in font nullfont!
Missing character: There is no è¾¹ in font nullfont!
Missing character: There is no å…³ in font nullfont!
Missing character: There is no è” in font nullfont!
Missing character: There is no çš„ in font nullfont!
Missing character: There is no å¾ª in font nullfont!
Missing character: There is no ç¯ in font nullfont!
Missing character: There is no ç»“ in font nullfont!
Missing character: There is no æ„ in font nullfont!
Missing character: There is no å­ in font nullfont!
Missing character: There is no é›† in font nullfont!
Missing character: There is no ï¼Œ in font nullfont!
Missing character: There is no è¿› in font nullfont!
Missing character: There is no è€Œ in font nullfont!
Missing character: There is no ä¸º in font nullfont!
Missing character: There is no æ¼ in font nullfont!
Missing character: There is no æ´ in font nullfont!
Missing character: There is no æŒ– in font nullfont!
Missing character: There is no æ˜ in font nullfont!
Missing character: There is no æ in font nullfont!
Missing character: There is no ä¾› in font nullfont!
Missing character: There is no è¿› in font nullfont!
Missing character: There is no ä¸€ in font nullfont!
Missing character: There is no æ­¥ in font nullfont!
Missing character: There is no åˆ† in font nullfont!
Missing character: There is no æ in font nullfont!
Missing character: There is no çš„ in font nullfont!
Missing character: There is no ä¾ in font nullfont!
Missing character: There is no æ® in font nullfont!
Missing character: There is no ã€‚ in font nullfont!
)
! Emergency stop.
<*> chap02.tex
              
*** (job aborted, no legal \end found)

 
Here is how much of TeX's memory you used:
 14 strings out of 493918
 153 string characters out of 6150564
 55172 words of memory out of 5000000
 3437 multiletter control sequences out of 15000+600000
 3948 words of font info for 15 fonts, out of 8000000 for 9000
 1144 hyphenation exceptions out of 8191
 18i,2n,14p,257b,89s stack positions out of 5000i,500n,10000p,200000b,80000s
No pages of output.
